{"/Users/konstantinosanagnostou/Desktop/Springboard/MAINCOURSE/PROJECTS/37.ExpressJobly/app.js": {"path":"/Users/konstantinosanagnostou/Desktop/Springboard/MAINCOURSE/PROJECTS/37.ExpressJobly/app.js","statementMap":{"0":{"start":{"line":5,"column":16},"end":{"line":5,"column":34}},"1":{"start":{"line":6,"column":13},"end":{"line":6,"column":28}},"2":{"start":{"line":8,"column":26},"end":{"line":8,"column":51}},"3":{"start":{"line":10,"column":28},"end":{"line":10,"column":56}},"4":{"start":{"line":11,"column":19},"end":{"line":11,"column":43}},"5":{"start":{"line":12,"column":24},"end":{"line":12,"column":53}},"6":{"start":{"line":13,"column":20},"end":{"line":13,"column":45}},"7":{"start":{"line":14,"column":19},"end":{"line":14,"column":43}},"8":{"start":{"line":16,"column":15},"end":{"line":16,"column":32}},"9":{"start":{"line":18,"column":12},"end":{"line":18,"column":21}},"10":{"start":{"line":20,"column":0},"end":{"line":20,"column":16}},"11":{"start":{"line":21,"column":0},"end":{"line":21,"column":24}},"12":{"start":{"line":22,"column":0},"end":{"line":22,"column":24}},"13":{"start":{"line":23,"column":0},"end":{"line":23,"column":25}},"14":{"start":{"line":25,"column":0},"end":{"line":25,"column":29}},"15":{"start":{"line":26,"column":0},"end":{"line":26,"column":39}},"16":{"start":{"line":27,"column":0},"end":{"line":27,"column":31}},"17":{"start":{"line":28,"column":0},"end":{"line":28,"column":29}},"18":{"start":{"line":31,"column":0},"end":{"line":33,"column":3}},"19":{"start":{"line":32,"column":2},"end":{"line":32,"column":35}},"20":{"start":{"line":36,"column":0},"end":{"line":44,"column":3}},"21":{"start":{"line":37,"column":2},"end":{"line":37,"column":64}},"22":{"start":{"line":37,"column":39},"end":{"line":37,"column":64}},"23":{"start":{"line":38,"column":17},"end":{"line":38,"column":34}},"24":{"start":{"line":39,"column":18},"end":{"line":39,"column":29}},"25":{"start":{"line":41,"column":2},"end":{"line":43,"column":5}},"26":{"start":{"line":46,"column":0},"end":{"line":46,"column":21}}},"fnMap":{"0":{"name":"(anonymous_0)","decl":{"start":{"line":31,"column":8},"end":{"line":31,"column":9}},"loc":{"start":{"line":31,"column":34},"end":{"line":33,"column":1}},"line":31},"1":{"name":"(anonymous_1)","decl":{"start":{"line":36,"column":8},"end":{"line":36,"column":9}},"loc":{"start":{"line":36,"column":39},"end":{"line":44,"column":1}},"line":36}},"branchMap":{"0":{"loc":{"start":{"line":37,"column":2},"end":{"line":37,"column":64}},"type":"if","locations":[{"start":{"line":37,"column":2},"end":{"line":37,"column":64}},{"start":{},"end":{}}],"line":37},"1":{"loc":{"start":{"line":38,"column":17},"end":{"line":38,"column":34}},"type":"binary-expr","locations":[{"start":{"line":38,"column":17},"end":{"line":38,"column":27}},{"start":{"line":38,"column":31},"end":{"line":38,"column":34}}],"line":38}},"s":{"0":5,"1":5,"2":5,"3":5,"4":5,"5":5,"6":5,"7":5,"8":5,"9":5,"10":5,"11":5,"12":5,"13":5,"14":5,"15":5,"16":5,"17":5,"18":5,"19":3,"20":5,"21":60,"22":1,"23":60,"24":60,"25":60,"26":5},"f":{"0":3,"1":60},"b":{"0":[1,59],"1":[60,3]},"_coverageSchema":"1a1c01bbd47fc00a2c39e90264f33305004495a9","hash":"26afae62b214a30e0e248d836499bb3848583811"}
,"/Users/konstantinosanagnostou/Desktop/Springboard/MAINCOURSE/PROJECTS/37.ExpressJobly/config.js": {"path":"/Users/konstantinosanagnostou/Desktop/Springboard/MAINCOURSE/PROJECTS/37.ExpressJobly/config.js","statementMap":{"0":{"start":{"line":5,"column":0},"end":{"line":5,"column":27}},"1":{"start":{"line":6,"column":0},"end":{"line":6,"column":18}},"2":{"start":{"line":8,"column":19},"end":{"line":8,"column":57}},"3":{"start":{"line":10,"column":13},"end":{"line":10,"column":38}},"4":{"start":{"line":14,"column":2},"end":{"line":16,"column":44}},"5":{"start":{"line":22,"column":27},"end":{"line":22,"column":67}},"6":{"start":{"line":24,"column":0},"end":{"line":24,"column":35}},"7":{"start":{"line":25,"column":0},"end":{"line":25,"column":46}},"8":{"start":{"line":26,"column":0},"end":{"line":26,"column":45}},"9":{"start":{"line":27,"column":0},"end":{"line":27,"column":61}},"10":{"start":{"line":28,"column":0},"end":{"line":28,"column":50}},"11":{"start":{"line":29,"column":0},"end":{"line":29,"column":19}},"12":{"start":{"line":31,"column":0},"end":{"line":36,"column":2}}},"fnMap":{"0":{"name":"getDatabaseUri","decl":{"start":{"line":13,"column":9},"end":{"line":13,"column":23}},"loc":{"start":{"line":13,"column":26},"end":{"line":17,"column":1}},"line":13}},"branchMap":{"0":{"loc":{"start":{"line":8,"column":19},"end":{"line":8,"column":57}},"type":"binary-expr","locations":[{"start":{"line":8,"column":19},"end":{"line":8,"column":41}},{"start":{"line":8,"column":45},"end":{"line":8,"column":57}}],"line":8},"1":{"loc":{"start":{"line":10,"column":13},"end":{"line":10,"column":38}},"type":"binary-expr","locations":[{"start":{"line":10,"column":13},"end":{"line":10,"column":30}},{"start":{"line":10,"column":34},"end":{"line":10,"column":38}}],"line":10},"2":{"loc":{"start":{"line":14,"column":9},"end":{"line":16,"column":43}},"type":"cond-expr","locations":[{"start":{"line":15,"column":8},"end":{"line":15,"column":20}},{"start":{"line":16,"column":8},"end":{"line":16,"column":43}}],"line":14},"3":{"loc":{"start":{"line":16,"column":8},"end":{"line":16,"column":43}},"type":"binary-expr","locations":[{"start":{"line":16,"column":8},"end":{"line":16,"column":32}},{"start":{"line":16,"column":36},"end":{"line":16,"column":43}}],"line":16},"4":{"loc":{"start":{"line":22,"column":27},"end":{"line":22,"column":67}},"type":"cond-expr","locations":[{"start":{"line":22,"column":61},"end":{"line":22,"column":62}},{"start":{"line":22,"column":65},"end":{"line":22,"column":67}}],"line":22}},"s":{"0":11,"1":11,"2":11,"3":11,"4":22,"5":11,"6":11,"7":11,"8":11,"9":11,"10":11,"11":11,"12":11},"f":{"0":22},"b":{"0":[11,0],"1":[11,10],"2":[19,3],"3":[3,1],"4":[10,1]},"_coverageSchema":"1a1c01bbd47fc00a2c39e90264f33305004495a9","hash":"bbadd7287eed0850855c160c683b0c180d3208d7"}
,"/Users/konstantinosanagnostou/Desktop/Springboard/MAINCOURSE/PROJECTS/37.ExpressJobly/db.js": {"path":"/Users/konstantinosanagnostou/Desktop/Springboard/MAINCOURSE/PROJECTS/37.ExpressJobly/db.js","statementMap":{"0":{"start":{"line":3,"column":19},"end":{"line":3,"column":32}},"1":{"start":{"line":4,"column":27},"end":{"line":4,"column":46}},"2":{"start":{"line":8,"column":0},"end":{"line":19,"column":1}},"3":{"start":{"line":9,"column":2},"end":{"line":14,"column":5}},"4":{"start":{"line":16,"column":2},"end":{"line":18,"column":5}},"5":{"start":{"line":21,"column":0},"end":{"line":21,"column":13}},"6":{"start":{"line":23,"column":0},"end":{"line":23,"column":20}}},"fnMap":{},"branchMap":{"0":{"loc":{"start":{"line":8,"column":0},"end":{"line":19,"column":1}},"type":"if","locations":[{"start":{"line":8,"column":0},"end":{"line":19,"column":1}},{"start":{"line":15,"column":7},"end":{"line":19,"column":1}}],"line":8}},"s":{"0":8,"1":8,"2":8,"3":0,"4":8,"5":8,"6":8},"f":{},"b":{"0":[0,8]},"_coverageSchema":"1a1c01bbd47fc00a2c39e90264f33305004495a9","hash":"10faa7ce3338176b16509c6c5782941b2f7c70ea"}
,"/Users/konstantinosanagnostou/Desktop/Springboard/MAINCOURSE/PROJECTS/37.ExpressJobly/expressError.js": {"path":"/Users/konstantinosanagnostou/Desktop/Springboard/MAINCOURSE/PROJECTS/37.ExpressJobly/expressError.js","statementMap":{"0":{"start":{"line":9,"column":4},"end":{"line":9,"column":12}},"1":{"start":{"line":10,"column":4},"end":{"line":10,"column":27}},"2":{"start":{"line":11,"column":4},"end":{"line":11,"column":25}},"3":{"start":{"line":19,"column":4},"end":{"line":19,"column":24}},"4":{"start":{"line":27,"column":4},"end":{"line":27,"column":24}},"5":{"start":{"line":35,"column":4},"end":{"line":35,"column":24}},"6":{"start":{"line":43,"column":4},"end":{"line":43,"column":24}},"7":{"start":{"line":47,"column":0},"end":{"line":53,"column":2}}},"fnMap":{"0":{"name":"(anonymous_0)","decl":{"start":{"line":8,"column":2},"end":{"line":8,"column":3}},"loc":{"start":{"line":8,"column":31},"end":{"line":12,"column":3}},"line":8},"1":{"name":"(anonymous_1)","decl":{"start":{"line":18,"column":2},"end":{"line":18,"column":3}},"loc":{"start":{"line":18,"column":37},"end":{"line":20,"column":3}},"line":18},"2":{"name":"(anonymous_2)","decl":{"start":{"line":26,"column":2},"end":{"line":26,"column":3}},"loc":{"start":{"line":26,"column":40},"end":{"line":28,"column":3}},"line":26},"3":{"name":"(anonymous_3)","decl":{"start":{"line":34,"column":2},"end":{"line":34,"column":3}},"loc":{"start":{"line":34,"column":39},"end":{"line":36,"column":3}},"line":34},"4":{"name":"(anonymous_4)","decl":{"start":{"line":42,"column":2},"end":{"line":42,"column":3}},"loc":{"start":{"line":42,"column":39},"end":{"line":44,"column":3}},"line":42}},"branchMap":{"0":{"loc":{"start":{"line":18,"column":14},"end":{"line":18,"column":35}},"type":"default-arg","locations":[{"start":{"line":18,"column":24},"end":{"line":18,"column":35}}],"line":18},"1":{"loc":{"start":{"line":26,"column":14},"end":{"line":26,"column":38}},"type":"default-arg","locations":[{"start":{"line":26,"column":24},"end":{"line":26,"column":38}}],"line":26},"2":{"loc":{"start":{"line":34,"column":14},"end":{"line":34,"column":37}},"type":"default-arg","locations":[{"start":{"line":34,"column":24},"end":{"line":34,"column":37}}],"line":34},"3":{"loc":{"start":{"line":42,"column":14},"end":{"line":42,"column":37}},"type":"default-arg","locations":[{"start":{"line":42,"column":24},"end":{"line":42,"column":37}}],"line":42}},"s":{"0":80,"1":80,"2":80,"3":19,"4":30,"5":21,"6":0,"7":11},"f":{"0":80,"1":19,"2":30,"3":21,"4":0},"b":{"0":[3],"1":[26],"2":[0],"3":[0]},"_coverageSchema":"1a1c01bbd47fc00a2c39e90264f33305004495a9","hash":"9ec69b88f0cf5ce6499f7a4043280baeed0708df"}
,"/Users/konstantinosanagnostou/Desktop/Springboard/MAINCOURSE/PROJECTS/37.ExpressJobly/helpers/filterHelper.js": {"path":"/Users/konstantinosanagnostou/Desktop/Springboard/MAINCOURSE/PROJECTS/37.ExpressJobly/helpers/filterHelper.js","statementMap":{"0":{"start":{"line":3,"column":24},"end":{"line":3,"column":44}},"1":{"start":{"line":5,"column":17},"end":{"line":13,"column":9}},"2":{"start":{"line":6,"column":8},"end":{"line":12,"column":9}},"3":{"start":{"line":7,"column":12},"end":{"line":7,"column":28}},"4":{"start":{"line":8,"column":12},"end":{"line":8,"column":24}},"5":{"start":{"line":11,"column":12},"end":{"line":11,"column":24}},"6":{"start":{"line":15,"column":16},"end":{"line":24,"column":6}},"7":{"start":{"line":16,"column":8},"end":{"line":23,"column":19}},"8":{"start":{"line":17,"column":12},"end":{"line":17,"column":46}},"9":{"start":{"line":18,"column":14},"end":{"line":23,"column":19}},"10":{"start":{"line":19,"column":12},"end":{"line":19,"column":46}},"11":{"start":{"line":20,"column":14},"end":{"line":23,"column":19}},"12":{"start":{"line":21,"column":12},"end":{"line":21,"column":60}},"13":{"start":{"line":23,"column":13},"end":{"line":23,"column":19}},"14":{"start":{"line":27,"column":21},"end":{"line":28,"column":82}},"15":{"start":{"line":28,"column":8},"end":{"line":28,"column":80}},"16":{"start":{"line":33,"column":4},"end":{"line":39,"column":5}},"17":{"start":{"line":34,"column":8},"end":{"line":34,"column":17}},"18":{"start":{"line":35,"column":11},"end":{"line":39,"column":5}},"19":{"start":{"line":36,"column":8},"end":{"line":36,"column":59}},"20":{"start":{"line":38,"column":8},"end":{"line":38,"column":70}},"21":{"start":{"line":42,"column":0},"end":{"line":42,"column":29}}},"fnMap":{"0":{"name":"filterHelper","decl":{"start":{"line":2,"column":9},"end":{"line":2,"column":21}},"loc":{"start":{"line":2,"column":31},"end":{"line":40,"column":1}},"line":2},"1":{"name":"(anonymous_1)","decl":{"start":{"line":5,"column":36},"end":{"line":5,"column":37}},"loc":{"start":{"line":5,"column":51},"end":{"line":13,"column":5}},"line":5},"2":{"name":"(anonymous_2)","decl":{"start":{"line":15,"column":25},"end":{"line":15,"column":26}},"loc":{"start":{"line":15,"column":37},"end":{"line":24,"column":5}},"line":15},"3":{"name":"(anonymous_3)","decl":{"start":{"line":27,"column":30},"end":{"line":27,"column":31}},"loc":{"start":{"line":27,"column":37},"end":{"line":28,"column":81}},"line":27}},"branchMap":{"0":{"loc":{"start":{"line":6,"column":8},"end":{"line":12,"column":9}},"type":"if","locations":[{"start":{"line":6,"column":8},"end":{"line":12,"column":9}},{"start":{"line":10,"column":12},"end":{"line":12,"column":9}}],"line":6},"1":{"loc":{"start":{"line":16,"column":8},"end":{"line":23,"column":19}},"type":"if","locations":[{"start":{"line":16,"column":8},"end":{"line":23,"column":19}},{"start":{"line":18,"column":14},"end":{"line":23,"column":19}}],"line":16},"2":{"loc":{"start":{"line":18,"column":14},"end":{"line":23,"column":19}},"type":"if","locations":[{"start":{"line":18,"column":14},"end":{"line":23,"column":19}},{"start":{"line":20,"column":14},"end":{"line":23,"column":19}}],"line":18},"3":{"loc":{"start":{"line":20,"column":14},"end":{"line":23,"column":19}},"type":"if","locations":[{"start":{"line":20,"column":14},"end":{"line":23,"column":19}},{"start":{"line":23,"column":13},"end":{"line":23,"column":19}}],"line":20},"4":{"loc":{"start":{"line":28,"column":15},"end":{"line":28,"column":79}},"type":"cond-expr","locations":[{"start":{"line":28,"column":31},"end":{"line":28,"column":65}},{"start":{"line":28,"column":67},"end":{"line":28,"column":79}}],"line":28},"5":{"loc":{"start":{"line":33,"column":4},"end":{"line":39,"column":5}},"type":"if","locations":[{"start":{"line":33,"column":4},"end":{"line":39,"column":5}},{"start":{"line":35,"column":11},"end":{"line":39,"column":5}}],"line":33},"6":{"loc":{"start":{"line":35,"column":11},"end":{"line":39,"column":5}},"type":"if","locations":[{"start":{"line":35,"column":11},"end":{"line":39,"column":5}},{"start":{"line":37,"column":11},"end":{"line":39,"column":5}}],"line":35}},"s":{"0":12,"1":12,"2":20,"3":15,"4":15,"5":5,"6":12,"7":15,"8":5,"9":10,"10":4,"11":6,"12":6,"13":0,"14":12,"15":15,"16":12,"17":4,"18":8,"19":4,"20":4,"21":8},"f":{"0":12,"1":20,"2":15,"3":15},"b":{"0":[15,5],"1":[5,10],"2":[4,6],"3":[6,0],"4":[6,9],"5":[4,8],"6":[4,4]},"_coverageSchema":"1a1c01bbd47fc00a2c39e90264f33305004495a9","hash":"d60200a236f9cdad847022fb9807de45e62589fb"}
,"/Users/konstantinosanagnostou/Desktop/Springboard/MAINCOURSE/PROJECTS/37.ExpressJobly/helpers/filterValidator.js": {"path":"/Users/konstantinosanagnostou/Desktop/Springboard/MAINCOURSE/PROJECTS/37.ExpressJobly/helpers/filterValidator.js","statementMap":{"0":{"start":{"line":1,"column":12},"end":{"line":1,"column":43}},"1":{"start":{"line":2,"column":23},"end":{"line":2,"column":49}},"2":{"start":{"line":5,"column":17},"end":{"line":5,"column":37}},"3":{"start":{"line":9,"column":4},"end":{"line":9,"column":77}},"4":{"start":{"line":10,"column":4},"end":{"line":10,"column":77}},"5":{"start":{"line":11,"column":4},"end":{"line":11,"column":71}},"6":{"start":{"line":13,"column":4},"end":{"line":16,"column":5}},"7":{"start":{"line":15,"column":8},"end":{"line":15,"column":83}},"8":{"start":{"line":17,"column":4},"end":{"line":20,"column":5}},"9":{"start":{"line":19,"column":8},"end":{"line":19,"column":83}},"10":{"start":{"line":23,"column":4},"end":{"line":26,"column":5}},"11":{"start":{"line":25,"column":8},"end":{"line":25,"column":68}},"12":{"start":{"line":29,"column":4},"end":{"line":33,"column":5}},"13":{"start":{"line":30,"column":8},"end":{"line":32,"column":9}},"14":{"start":{"line":31,"column":12},"end":{"line":31,"column":105}},"15":{"start":{"line":39,"column":4},"end":{"line":43,"column":5}},"16":{"start":{"line":40,"column":8},"end":{"line":40,"column":30}},"17":{"start":{"line":42,"column":8},"end":{"line":42,"column":20}},"18":{"start":{"line":44,"column":4},"end":{"line":46,"column":5}},"19":{"start":{"line":45,"column":8},"end":{"line":45,"column":19}},"20":{"start":{"line":47,"column":4},"end":{"line":47,"column":16}},"21":{"start":{"line":50,"column":0},"end":{"line":50,"column":31}}},"fnMap":{"0":{"name":"filterValidate","decl":{"start":{"line":4,"column":9},"end":{"line":4,"column":23}},"loc":{"start":{"line":4,"column":32},"end":{"line":34,"column":1}},"line":4},"1":{"name":"isInt","decl":{"start":{"line":36,"column":9},"end":{"line":36,"column":14}},"loc":{"start":{"line":36,"column":19},"end":{"line":48,"column":1}},"line":36}},"branchMap":{"0":{"loc":{"start":{"line":9,"column":4},"end":{"line":9,"column":76}},"type":"cond-expr","locations":[{"start":{"line":9,"column":41},"end":{"line":9,"column":58}},{"start":{"line":9,"column":60},"end":{"line":9,"column":76}}],"line":9},"1":{"loc":{"start":{"line":10,"column":4},"end":{"line":10,"column":76}},"type":"cond-expr","locations":[{"start":{"line":10,"column":41},"end":{"line":10,"column":58}},{"start":{"line":10,"column":60},"end":{"line":10,"column":76}}],"line":10},"2":{"loc":{"start":{"line":11,"column":4},"end":{"line":11,"column":70}},"type":"cond-expr","locations":[{"start":{"line":11,"column":33},"end":{"line":11,"column":51}},{"start":{"line":11,"column":53},"end":{"line":11,"column":70}}],"line":11},"3":{"loc":{"start":{"line":13,"column":4},"end":{"line":16,"column":5}},"type":"if","locations":[{"start":{"line":13,"column":4},"end":{"line":16,"column":5}},{"start":{},"end":{}}],"line":13},"4":{"loc":{"start":{"line":13,"column":8},"end":{"line":13,"column":49}},"type":"binary-expr","locations":[{"start":{"line":13,"column":8},"end":{"line":13,"column":17}},{"start":{"line":13,"column":21},"end":{"line":13,"column":49}}],"line":13},"5":{"loc":{"start":{"line":17,"column":4},"end":{"line":20,"column":5}},"type":"if","locations":[{"start":{"line":17,"column":4},"end":{"line":20,"column":5}},{"start":{},"end":{}}],"line":17},"6":{"loc":{"start":{"line":17,"column":8},"end":{"line":17,"column":49}},"type":"binary-expr","locations":[{"start":{"line":17,"column":8},"end":{"line":17,"column":17}},{"start":{"line":17,"column":21},"end":{"line":17,"column":49}}],"line":17},"7":{"loc":{"start":{"line":23,"column":4},"end":{"line":26,"column":5}},"type":"if","locations":[{"start":{"line":23,"column":4},"end":{"line":26,"column":5}},{"start":{},"end":{}}],"line":23},"8":{"loc":{"start":{"line":23,"column":8},"end":{"line":24,"column":75}},"type":"binary-expr","locations":[{"start":{"line":23,"column":9},"end":{"line":23,"column":36}},{"start":{"line":23,"column":41},"end":{"line":23,"column":75}},{"start":{"line":24,"column":7},"end":{"line":24,"column":34}},{"start":{"line":24,"column":39},"end":{"line":24,"column":73}}],"line":23},"9":{"loc":{"start":{"line":29,"column":4},"end":{"line":33,"column":5}},"type":"if","locations":[{"start":{"line":29,"column":4},"end":{"line":33,"column":5}},{"start":{},"end":{}}],"line":29},"10":{"loc":{"start":{"line":29,"column":8},"end":{"line":29,"column":30}},"type":"binary-expr","locations":[{"start":{"line":29,"column":8},"end":{"line":29,"column":17}},{"start":{"line":29,"column":21},"end":{"line":29,"column":30}}],"line":29},"11":{"loc":{"start":{"line":30,"column":8},"end":{"line":32,"column":9}},"type":"if","locations":[{"start":{"line":30,"column":8},"end":{"line":32,"column":9}},{"start":{},"end":{}}],"line":30},"12":{"loc":{"start":{"line":44,"column":4},"end":{"line":46,"column":5}},"type":"if","locations":[{"start":{"line":44,"column":4},"end":{"line":46,"column":5}},{"start":{},"end":{}}],"line":44}},"s":{"0":6,"1":6,"2":16,"3":16,"4":16,"5":16,"6":16,"7":2,"8":14,"9":2,"10":12,"11":2,"12":10,"13":4,"14":2,"15":39,"16":39,"17":0,"18":39,"19":23,"20":16,"21":6},"f":{"0":16,"1":39},"b":{"0":[8,8],"1":[7,9],"2":[8,8],"3":[2,14],"4":[16,8],"5":[2,12],"6":[14,8],"7":[2,10],"8":[12,5,11,6],"9":[4,6],"10":[10,4],"11":[2,2],"12":[23,16]},"_coverageSchema":"1a1c01bbd47fc00a2c39e90264f33305004495a9","hash":"7245c6c5a175f941bf3cd6edda3901bd04f0a24b"}
,"/Users/konstantinosanagnostou/Desktop/Springboard/MAINCOURSE/PROJECTS/37.ExpressJobly/helpers/jobsFilterHelper.js": {"path":"/Users/konstantinosanagnostou/Desktop/Springboard/MAINCOURSE/PROJECTS/37.ExpressJobly/helpers/jobsFilterHelper.js","statementMap":{"0":{"start":{"line":4,"column":24},"end":{"line":4,"column":44}},"1":{"start":{"line":6,"column":17},"end":{"line":14,"column":9}},"2":{"start":{"line":7,"column":8},"end":{"line":13,"column":9}},"3":{"start":{"line":8,"column":12},"end":{"line":8,"column":28}},"4":{"start":{"line":9,"column":12},"end":{"line":9,"column":24}},"5":{"start":{"line":12,"column":12},"end":{"line":12,"column":24}},"6":{"start":{"line":16,"column":16},"end":{"line":26,"column":6}},"7":{"start":{"line":17,"column":8},"end":{"line":25,"column":20}},"8":{"start":{"line":18,"column":12},"end":{"line":18,"column":39}},"9":{"start":{"line":19,"column":14},"end":{"line":25,"column":20}},"10":{"start":{"line":20,"column":12},"end":{"line":20,"column":61}},"11":{"start":{"line":21,"column":14},"end":{"line":25,"column":20}},"12":{"start":{"line":22,"column":12},"end":{"line":24,"column":13}},"13":{"start":{"line":23,"column":16},"end":{"line":23,"column":43}},"14":{"start":{"line":25,"column":14},"end":{"line":25,"column":20}},"15":{"start":{"line":29,"column":21},"end":{"line":30,"column":83}},"16":{"start":{"line":30,"column":8},"end":{"line":30,"column":81}},"17":{"start":{"line":35,"column":4},"end":{"line":41,"column":5}},"18":{"start":{"line":36,"column":8},"end":{"line":36,"column":17}},"19":{"start":{"line":37,"column":11},"end":{"line":41,"column":5}},"20":{"start":{"line":38,"column":8},"end":{"line":38,"column":59}},"21":{"start":{"line":40,"column":8},"end":{"line":40,"column":70}},"22":{"start":{"line":44,"column":0},"end":{"line":44,"column":33}}},"fnMap":{"0":{"name":"jobsFilterHelper","decl":{"start":{"line":3,"column":9},"end":{"line":3,"column":25}},"loc":{"start":{"line":3,"column":35},"end":{"line":42,"column":1}},"line":3},"1":{"name":"(anonymous_1)","decl":{"start":{"line":6,"column":36},"end":{"line":6,"column":37}},"loc":{"start":{"line":6,"column":51},"end":{"line":14,"column":5}},"line":6},"2":{"name":"(anonymous_2)","decl":{"start":{"line":16,"column":25},"end":{"line":16,"column":26}},"loc":{"start":{"line":16,"column":37},"end":{"line":26,"column":5}},"line":16},"3":{"name":"(anonymous_3)","decl":{"start":{"line":29,"column":30},"end":{"line":29,"column":31}},"loc":{"start":{"line":29,"column":37},"end":{"line":30,"column":82}},"line":29}},"branchMap":{"0":{"loc":{"start":{"line":7,"column":8},"end":{"line":13,"column":9}},"type":"if","locations":[{"start":{"line":7,"column":8},"end":{"line":13,"column":9}},{"start":{"line":11,"column":12},"end":{"line":13,"column":9}}],"line":7},"1":{"loc":{"start":{"line":17,"column":8},"end":{"line":25,"column":20}},"type":"if","locations":[{"start":{"line":17,"column":8},"end":{"line":25,"column":20}},{"start":{"line":19,"column":14},"end":{"line":25,"column":20}}],"line":17},"2":{"loc":{"start":{"line":19,"column":14},"end":{"line":25,"column":20}},"type":"if","locations":[{"start":{"line":19,"column":14},"end":{"line":25,"column":20}},{"start":{"line":21,"column":14},"end":{"line":25,"column":20}}],"line":19},"3":{"loc":{"start":{"line":21,"column":14},"end":{"line":25,"column":20}},"type":"if","locations":[{"start":{"line":21,"column":14},"end":{"line":25,"column":20}},{"start":{"line":25,"column":14},"end":{"line":25,"column":20}}],"line":21},"4":{"loc":{"start":{"line":22,"column":12},"end":{"line":24,"column":13}},"type":"if","locations":[{"start":{"line":22,"column":12},"end":{"line":24,"column":13}},{"start":{},"end":{}}],"line":22},"5":{"loc":{"start":{"line":30,"column":15},"end":{"line":30,"column":80}},"type":"cond-expr","locations":[{"start":{"line":30,"column":32},"end":{"line":30,"column":66}},{"start":{"line":30,"column":68},"end":{"line":30,"column":80}}],"line":30},"6":{"loc":{"start":{"line":35,"column":4},"end":{"line":41,"column":5}},"type":"if","locations":[{"start":{"line":35,"column":4},"end":{"line":41,"column":5}},{"start":{"line":37,"column":11},"end":{"line":41,"column":5}}],"line":35},"7":{"loc":{"start":{"line":37,"column":11},"end":{"line":41,"column":5}},"type":"if","locations":[{"start":{"line":37,"column":11},"end":{"line":41,"column":5}},{"start":{"line":39,"column":11},"end":{"line":41,"column":5}}],"line":37}},"s":{"0":11,"1":11,"2":17,"3":12,"4":12,"5":5,"6":11,"7":12,"8":5,"9":7,"10":5,"11":2,"12":2,"13":2,"14":0,"15":11,"16":12,"17":11,"18":4,"19":7,"20":4,"21":3,"22":7},"f":{"0":11,"1":17,"2":12,"3":12},"b":{"0":[12,5],"1":[5,7],"2":[5,2],"3":[2,0],"4":[2,0],"5":[5,7],"6":[4,7],"7":[4,3]},"_coverageSchema":"1a1c01bbd47fc00a2c39e90264f33305004495a9","hash":"d26f590651928281d47a61a1c7bd5736e3f0f5cc"}
,"/Users/konstantinosanagnostou/Desktop/Springboard/MAINCOURSE/PROJECTS/37.ExpressJobly/helpers/sql.js": {"path":"/Users/konstantinosanagnostou/Desktop/Springboard/MAINCOURSE/PROJECTS/37.ExpressJobly/helpers/sql.js","statementMap":{"0":{"start":{"line":1,"column":28},"end":{"line":1,"column":54}},"1":{"start":{"line":11,"column":15},"end":{"line":11,"column":40}},"2":{"start":{"line":12,"column":2},"end":{"line":12,"column":62}},"3":{"start":{"line":12,"column":25},"end":{"line":12,"column":62}},"4":{"start":{"line":15,"column":15},"end":{"line":17,"column":3}},"5":{"start":{"line":16,"column":6},"end":{"line":16,"column":52}},"6":{"start":{"line":19,"column":2},"end":{"line":22,"column":4}},"7":{"start":{"line":25,"column":0},"end":{"line":25,"column":41}}},"fnMap":{"0":{"name":"sqlForPartialUpdate","decl":{"start":{"line":9,"column":9},"end":{"line":9,"column":28}},"loc":{"start":{"line":9,"column":52},"end":{"line":23,"column":1}},"line":9},"1":{"name":"(anonymous_1)","decl":{"start":{"line":15,"column":24},"end":{"line":15,"column":25}},"loc":{"start":{"line":16,"column":6},"end":{"line":16,"column":52}},"line":16}},"branchMap":{"0":{"loc":{"start":{"line":12,"column":2},"end":{"line":12,"column":62}},"type":"if","locations":[{"start":{"line":12,"column":2},"end":{"line":12,"column":62}},{"start":{},"end":{}}],"line":12},"1":{"loc":{"start":{"line":16,"column":10},"end":{"line":16,"column":37}},"type":"binary-expr","locations":[{"start":{"line":16,"column":10},"end":{"line":16,"column":26}},{"start":{"line":16,"column":30},"end":{"line":16,"column":37}}],"line":16}},"s":{"0":9,"1":22,"2":22,"3":3,"4":19,"5":40,"6":19,"7":9},"f":{"0":22,"1":40},"b":{"0":[3,19],"1":[40,15]},"_coverageSchema":"1a1c01bbd47fc00a2c39e90264f33305004495a9","hash":"079d2fca020c34396e820c3fcd3e2c88c349dd75"}
,"/Users/konstantinosanagnostou/Desktop/Springboard/MAINCOURSE/PROJECTS/37.ExpressJobly/helpers/tokens.js": {"path":"/Users/konstantinosanagnostou/Desktop/Springboard/MAINCOURSE/PROJECTS/37.ExpressJobly/helpers/tokens.js","statementMap":{"0":{"start":{"line":1,"column":12},"end":{"line":1,"column":35}},"1":{"start":{"line":2,"column":23},"end":{"line":2,"column":43}},"2":{"start":{"line":7,"column":2},"end":{"line":8,"column":58}},"3":{"start":{"line":10,"column":16},"end":{"line":13,"column":3}},"4":{"start":{"line":15,"column":2},"end":{"line":15,"column":39}},"5":{"start":{"line":18,"column":0},"end":{"line":18,"column":33}}},"fnMap":{"0":{"name":"createToken","decl":{"start":{"line":6,"column":9},"end":{"line":6,"column":20}},"loc":{"start":{"line":6,"column":27},"end":{"line":16,"column":1}},"line":6}},"branchMap":{"0":{"loc":{"start":{"line":12,"column":13},"end":{"line":12,"column":34}},"type":"binary-expr","locations":[{"start":{"line":12,"column":13},"end":{"line":12,"column":25}},{"start":{"line":12,"column":29},"end":{"line":12,"column":34}}],"line":12}},"s":{"0":6,"1":6,"2":15,"3":15,"4":15,"5":6},"f":{"0":15},"b":{"0":[15,9]},"_coverageSchema":"1a1c01bbd47fc00a2c39e90264f33305004495a9","hash":"0a6d1e18dec5fdf2eab62105482ccec079d93ecc"}
,"/Users/konstantinosanagnostou/Desktop/Springboard/MAINCOURSE/PROJECTS/37.ExpressJobly/middleware/auth.js": {"path":"/Users/konstantinosanagnostou/Desktop/Springboard/MAINCOURSE/PROJECTS/37.ExpressJobly/middleware/auth.js","statementMap":{"0":{"start":{"line":5,"column":12},"end":{"line":5,"column":35}},"1":{"start":{"line":6,"column":23},"end":{"line":6,"column":43}},"2":{"start":{"line":7,"column":30},"end":{"line":7,"column":56}},"3":{"start":{"line":20,"column":2},"end":{"line":29,"column":3}},"4":{"start":{"line":21,"column":23},"end":{"line":21,"column":63}},"5":{"start":{"line":22,"column":4},"end":{"line":25,"column":5}},"6":{"start":{"line":23,"column":20},"end":{"line":23,"column":64}},"7":{"start":{"line":24,"column":6},"end":{"line":24,"column":54}},"8":{"start":{"line":26,"column":4},"end":{"line":26,"column":18}},"9":{"start":{"line":28,"column":4},"end":{"line":28,"column":18}},"10":{"start":{"line":38,"column":2},"end":{"line":43,"column":3}},"11":{"start":{"line":39,"column":4},"end":{"line":39,"column":56}},"12":{"start":{"line":39,"column":26},"end":{"line":39,"column":56}},"13":{"start":{"line":40,"column":4},"end":{"line":40,"column":18}},"14":{"start":{"line":42,"column":4},"end":{"line":42,"column":21}},"15":{"start":{"line":53,"column":2},"end":{"line":58,"column":3}},"16":{"start":{"line":54,"column":4},"end":{"line":54,"column":64}},"17":{"start":{"line":54,"column":34},"end":{"line":54,"column":64}},"18":{"start":{"line":55,"column":4},"end":{"line":55,"column":17}},"19":{"start":{"line":57,"column":4},"end":{"line":57,"column":22}},"20":{"start":{"line":67,"column":2},"end":{"line":72,"column":3}},"21":{"start":{"line":68,"column":4},"end":{"line":68,"column":118}},"22":{"start":{"line":68,"column":88},"end":{"line":68,"column":118}},"23":{"start":{"line":69,"column":4},"end":{"line":69,"column":17}},"24":{"start":{"line":71,"column":4},"end":{"line":71,"column":22}},"25":{"start":{"line":81,"column":2},"end":{"line":86,"column":3}},"26":{"start":{"line":82,"column":4},"end":{"line":82,"column":88}},"27":{"start":{"line":82,"column":58},"end":{"line":82,"column":88}},"28":{"start":{"line":83,"column":4},"end":{"line":83,"column":17}},"29":{"start":{"line":85,"column":4},"end":{"line":85,"column":22}},"30":{"start":{"line":90,"column":0},"end":{"line":96,"column":2}}},"fnMap":{"0":{"name":"authenticateJWT","decl":{"start":{"line":19,"column":9},"end":{"line":19,"column":24}},"loc":{"start":{"line":19,"column":41},"end":{"line":30,"column":1}},"line":19},"1":{"name":"ensureLoggedIn","decl":{"start":{"line":37,"column":9},"end":{"line":37,"column":23}},"loc":{"start":{"line":37,"column":40},"end":{"line":44,"column":1}},"line":37},"2":{"name":"ensureIsAdmin","decl":{"start":{"line":52,"column":9},"end":{"line":52,"column":22}},"loc":{"start":{"line":52,"column":38},"end":{"line":59,"column":1}},"line":52},"3":{"name":"ensureIsAdminOrSpecUser","decl":{"start":{"line":66,"column":9},"end":{"line":66,"column":32}},"loc":{"start":{"line":66,"column":46},"end":{"line":73,"column":1}},"line":66},"4":{"name":"ensureIsSpecUser","decl":{"start":{"line":80,"column":9},"end":{"line":80,"column":25}},"loc":{"start":{"line":80,"column":39},"end":{"line":87,"column":1}},"line":80}},"branchMap":{"0":{"loc":{"start":{"line":21,"column":23},"end":{"line":21,"column":63}},"type":"binary-expr","locations":[{"start":{"line":21,"column":23},"end":{"line":21,"column":34}},{"start":{"line":21,"column":38},"end":{"line":21,"column":63}}],"line":21},"1":{"loc":{"start":{"line":22,"column":4},"end":{"line":25,"column":5}},"type":"if","locations":[{"start":{"line":22,"column":4},"end":{"line":25,"column":5}},{"start":{},"end":{}}],"line":22},"2":{"loc":{"start":{"line":39,"column":4},"end":{"line":39,"column":56}},"type":"if","locations":[{"start":{"line":39,"column":4},"end":{"line":39,"column":56}},{"start":{},"end":{}}],"line":39},"3":{"loc":{"start":{"line":54,"column":4},"end":{"line":54,"column":64}},"type":"if","locations":[{"start":{"line":54,"column":4},"end":{"line":54,"column":64}},{"start":{},"end":{}}],"line":54},"4":{"loc":{"start":{"line":68,"column":4},"end":{"line":68,"column":118}},"type":"if","locations":[{"start":{"line":68,"column":4},"end":{"line":68,"column":118}},{"start":{},"end":{}}],"line":68},"5":{"loc":{"start":{"line":68,"column":8},"end":{"line":68,"column":86}},"type":"binary-expr","locations":[{"start":{"line":68,"column":8},"end":{"line":68,"column":32}},{"start":{"line":68,"column":37},"end":{"line":68,"column":85}}],"line":68},"6":{"loc":{"start":{"line":82,"column":4},"end":{"line":82,"column":88}},"type":"if","locations":[{"start":{"line":82,"column":4},"end":{"line":82,"column":88}},{"start":{},"end":{}}],"line":82}},"s":{"0":6,"1":6,"2":6,"3":97,"4":97,"5":97,"6":58,"7":58,"8":96,"9":1,"10":66,"11":66,"12":11,"13":55,"14":11,"15":31,"16":31,"17":8,"18":23,"19":8,"20":17,"21":17,"22":6,"23":11,"24":6,"25":6,"26":6,"27":1,"28":5,"29":1,"30":6},"f":{"0":97,"1":66,"2":31,"3":17,"4":6},"b":{"0":[97,96],"1":[58,39],"2":[11,55],"3":[8,23],"4":[6,11],"5":[17,12],"6":[1,5]},"_coverageSchema":"1a1c01bbd47fc00a2c39e90264f33305004495a9","hash":"2dc890a1539b2a0b8cc36299ba66379b5dbfd6de"}
,"/Users/konstantinosanagnostou/Desktop/Springboard/MAINCOURSE/PROJECTS/37.ExpressJobly/models/_testCommon.js": {"path":"/Users/konstantinosanagnostou/Desktop/Springboard/MAINCOURSE/PROJECTS/37.ExpressJobly/models/_testCommon.js","statementMap":{"0":{"start":{"line":1,"column":15},"end":{"line":1,"column":32}},"1":{"start":{"line":3,"column":11},"end":{"line":3,"column":30}},"2":{"start":{"line":4,"column":31},"end":{"line":4,"column":51}},"3":{"start":{"line":8,"column":2},"end":{"line":8,"column":42}},"4":{"start":{"line":10,"column":2},"end":{"line":10,"column":38}},"5":{"start":{"line":12,"column":2},"end":{"line":12,"column":37}},"6":{"start":{"line":14,"column":2},"end":{"line":14,"column":44}},"7":{"start":{"line":16,"column":2},"end":{"line":20,"column":55}},"8":{"start":{"line":22,"column":2},"end":{"line":22,"column":61}},"9":{"start":{"line":24,"column":2},"end":{"line":29,"column":45}},"10":{"start":{"line":32,"column":2},"end":{"line":44,"column":9}},"11":{"start":{"line":48,"column":2},"end":{"line":48,"column":26}},"12":{"start":{"line":52,"column":2},"end":{"line":52,"column":29}},"13":{"start":{"line":56,"column":2},"end":{"line":56,"column":17}},"14":{"start":{"line":59,"column":0},"end":{"line":64,"column":2}}},"fnMap":{"0":{"name":"commonBeforeAll","decl":{"start":{"line":6,"column":15},"end":{"line":6,"column":30}},"loc":{"start":{"line":6,"column":33},"end":{"line":45,"column":1}},"line":6},"1":{"name":"commonBeforeEach","decl":{"start":{"line":47,"column":15},"end":{"line":47,"column":31}},"loc":{"start":{"line":47,"column":34},"end":{"line":49,"column":1}},"line":47},"2":{"name":"commonAfterEach","decl":{"start":{"line":51,"column":15},"end":{"line":51,"column":30}},"loc":{"start":{"line":51,"column":33},"end":{"line":53,"column":1}},"line":51},"3":{"name":"commonAfterAll","decl":{"start":{"line":55,"column":15},"end":{"line":55,"column":29}},"loc":{"start":{"line":55,"column":32},"end":{"line":57,"column":1}},"line":55}},"branchMap":{},"s":{"0":3,"1":3,"2":3,"3":3,"4":3,"5":3,"6":3,"7":3,"8":3,"9":3,"10":3,"11":38,"12":38,"13":3,"14":3},"f":{"0":3,"1":38,"2":38,"3":3},"b":{},"_coverageSchema":"1a1c01bbd47fc00a2c39e90264f33305004495a9","hash":"b34bbf15077a42311fc37e481788e531178113db"}
,"/Users/konstantinosanagnostou/Desktop/Springboard/MAINCOURSE/PROJECTS/37.ExpressJobly/models/company.js": {"path":"/Users/konstantinosanagnostou/Desktop/Springboard/MAINCOURSE/PROJECTS/37.ExpressJobly/models/company.js","statementMap":{"0":{"start":{"line":3,"column":11},"end":{"line":3,"column":27}},"1":{"start":{"line":4,"column":43},"end":{"line":4,"column":69}},"2":{"start":{"line":5,"column":32},"end":{"line":5,"column":57}},"3":{"start":{"line":6,"column":21},"end":{"line":6,"column":55}},"4":{"start":{"line":21,"column":27},"end":{"line":25,"column":17}},"5":{"start":{"line":27,"column":4},"end":{"line":28,"column":64}},"6":{"start":{"line":28,"column":6},"end":{"line":28,"column":64}},"7":{"start":{"line":30,"column":19},"end":{"line":42,"column":5}},"8":{"start":{"line":43,"column":20},"end":{"line":43,"column":34}},"9":{"start":{"line":45,"column":4},"end":{"line":45,"column":19}},"10":{"start":{"line":54,"column":25},"end":{"line":61,"column":26}},"11":{"start":{"line":63,"column":29},"end":{"line":63,"column":46}},"12":{"start":{"line":65,"column":4},"end":{"line":68,"column":5}},"13":{"start":{"line":66,"column":19},"end":{"line":66,"column":139}},"14":{"start":{"line":67,"column":6},"end":{"line":67,"column":30}},"15":{"start":{"line":70,"column":4},"end":{"line":70,"column":21}},"16":{"start":{"line":76,"column":22},"end":{"line":76,"column":43}},"17":{"start":{"line":77,"column":25},"end":{"line":85,"column":38}},"18":{"start":{"line":87,"column":25},"end":{"line":87,"column":42}},"19":{"start":{"line":89,"column":6},"end":{"line":92,"column":7}},"20":{"start":{"line":90,"column":21},"end":{"line":90,"column":141}},"21":{"start":{"line":91,"column":8},"end":{"line":91,"column":32}},"22":{"start":{"line":93,"column":4},"end":{"line":93,"column":21}},"23":{"start":{"line":105,"column":23},"end":{"line":109,"column":17}},"24":{"start":{"line":111,"column":20},"end":{"line":111,"column":38}},"25":{"start":{"line":112,"column":4},"end":{"line":112,"column":67}},"26":{"start":{"line":112,"column":18},"end":{"line":112,"column":67}},"27":{"start":{"line":114,"column":20},"end":{"line":115,"column":82}},"28":{"start":{"line":116,"column":4},"end":{"line":116,"column":34}},"29":{"start":{"line":117,"column":4},"end":{"line":117,"column":19}},"30":{"start":{"line":133,"column":32},"end":{"line":138,"column":10}},"31":{"start":{"line":139,"column":25},"end":{"line":139,"column":50}},"32":{"start":{"line":141,"column":21},"end":{"line":148,"column":54}},"33":{"start":{"line":149,"column":19},"end":{"line":149,"column":64}},"34":{"start":{"line":150,"column":20},"end":{"line":150,"column":34}},"35":{"start":{"line":152,"column":4},"end":{"line":152,"column":67}},"36":{"start":{"line":152,"column":18},"end":{"line":152,"column":67}},"37":{"start":{"line":154,"column":4},"end":{"line":154,"column":19}},"38":{"start":{"line":163,"column":19},"end":{"line":168,"column":17}},"39":{"start":{"line":169,"column":20},"end":{"line":169,"column":34}},"40":{"start":{"line":171,"column":4},"end":{"line":171,"column":67}},"41":{"start":{"line":171,"column":18},"end":{"line":171,"column":67}},"42":{"start":{"line":176,"column":0},"end":{"line":176,"column":25}}},"fnMap":{"0":{"name":"(anonymous_0)","decl":{"start":{"line":20,"column":2},"end":{"line":20,"column":3}},"loc":{"start":{"line":20,"column":76},"end":{"line":46,"column":3}},"line":20},"1":{"name":"(anonymous_1)","decl":{"start":{"line":53,"column":2},"end":{"line":53,"column":3}},"loc":{"start":{"line":53,"column":25},"end":{"line":71,"column":3}},"line":53},"2":{"name":"(anonymous_2)","decl":{"start":{"line":75,"column":2},"end":{"line":75,"column":3}},"loc":{"start":{"line":75,"column":31},"end":{"line":94,"column":3}},"line":75},"3":{"name":"(anonymous_3)","decl":{"start":{"line":104,"column":2},"end":{"line":104,"column":3}},"loc":{"start":{"line":104,"column":27},"end":{"line":118,"column":3}},"line":104},"4":{"name":"(anonymous_4)","decl":{"start":{"line":132,"column":2},"end":{"line":132,"column":3}},"loc":{"start":{"line":132,"column":36},"end":{"line":155,"column":3}},"line":132},"5":{"name":"(anonymous_5)","decl":{"start":{"line":162,"column":2},"end":{"line":162,"column":3}},"loc":{"start":{"line":162,"column":30},"end":{"line":172,"column":3}},"line":162}},"branchMap":{"0":{"loc":{"start":{"line":27,"column":4},"end":{"line":28,"column":64}},"type":"if","locations":[{"start":{"line":27,"column":4},"end":{"line":28,"column":64}},{"start":{},"end":{}}],"line":27},"1":{"loc":{"start":{"line":112,"column":4},"end":{"line":112,"column":67}},"type":"if","locations":[{"start":{"line":112,"column":4},"end":{"line":112,"column":67}},{"start":{},"end":{}}],"line":112},"2":{"loc":{"start":{"line":152,"column":4},"end":{"line":152,"column":67}},"type":"if","locations":[{"start":{"line":152,"column":4},"end":{"line":152,"column":67}},{"start":{},"end":{}}],"line":152},"3":{"loc":{"start":{"line":171,"column":4},"end":{"line":171,"column":67}},"type":"if","locations":[{"start":{"line":171,"column":4},"end":{"line":171,"column":67}},{"start":{},"end":{}}],"line":171}},"s":{"0":6,"1":6,"2":6,"3":6,"4":16,"5":16,"6":1,"7":15,"8":15,"9":15,"10":1,"11":1,"12":1,"13":3,"14":3,"15":1,"16":6,"17":6,"18":5,"19":5,"20":8,"21":8,"22":5,"23":5,"24":5,"25":5,"26":2,"27":3,"28":3,"29":3,"30":6,"31":5,"32":5,"33":5,"34":5,"35":5,"36":2,"37":3,"38":4,"39":4,"40":4,"41":2,"42":6},"f":{"0":16,"1":1,"2":6,"3":5,"4":6,"5":4},"b":{"0":[1,15],"1":[2,3],"2":[2,3],"3":[2,2]},"_coverageSchema":"1a1c01bbd47fc00a2c39e90264f33305004495a9","hash":"2b940131f962303a0e0013bbec84d7e49717254d"}
,"/Users/konstantinosanagnostou/Desktop/Springboard/MAINCOURSE/PROJECTS/37.ExpressJobly/models/job.js": {"path":"/Users/konstantinosanagnostou/Desktop/Springboard/MAINCOURSE/PROJECTS/37.ExpressJobly/models/job.js","statementMap":{"0":{"start":{"line":3,"column":11},"end":{"line":3,"column":27}},"1":{"start":{"line":4,"column":43},"end":{"line":4,"column":69}},"2":{"start":{"line":5,"column":30},"end":{"line":5,"column":55}},"3":{"start":{"line":6,"column":25},"end":{"line":6,"column":63}},"4":{"start":{"line":19,"column":31},"end":{"line":23,"column":36}},"5":{"start":{"line":24,"column":8},"end":{"line":25,"column":84}},"6":{"start":{"line":25,"column":10},"end":{"line":25,"column":84}},"7":{"start":{"line":26,"column":23},"end":{"line":37,"column":9}},"8":{"start":{"line":38,"column":20},"end":{"line":38,"column":34}},"9":{"start":{"line":39,"column":8},"end":{"line":39,"column":19}},"10":{"start":{"line":48,"column":24},"end":{"line":55,"column":31}},"11":{"start":{"line":56,"column":8},"end":{"line":56,"column":28}},"12":{"start":{"line":61,"column":26},"end":{"line":61,"column":51}},"13":{"start":{"line":62,"column":24},"end":{"line":70,"column":43}},"14":{"start":{"line":71,"column":8},"end":{"line":71,"column":28}},"15":{"start":{"line":82,"column":23},"end":{"line":89,"column":17}},"16":{"start":{"line":91,"column":20},"end":{"line":91,"column":34}},"17":{"start":{"line":93,"column":8},"end":{"line":93,"column":67}},"18":{"start":{"line":93,"column":18},"end":{"line":93,"column":67}},"19":{"start":{"line":95,"column":8},"end":{"line":95,"column":19}},"20":{"start":{"line":110,"column":36},"end":{"line":115,"column":12}},"21":{"start":{"line":116,"column":29},"end":{"line":116,"column":54}},"22":{"start":{"line":118,"column":25},"end":{"line":126,"column":58}},"23":{"start":{"line":127,"column":23},"end":{"line":127,"column":64}},"24":{"start":{"line":128,"column":20},"end":{"line":128,"column":34}},"25":{"start":{"line":130,"column":8},"end":{"line":130,"column":67}},"26":{"start":{"line":130,"column":18},"end":{"line":130,"column":67}},"27":{"start":{"line":132,"column":8},"end":{"line":132,"column":19}},"28":{"start":{"line":141,"column":23},"end":{"line":146,"column":17}},"29":{"start":{"line":147,"column":20},"end":{"line":147,"column":34}},"30":{"start":{"line":149,"column":8},"end":{"line":149,"column":67}},"31":{"start":{"line":149,"column":18},"end":{"line":149,"column":67}},"32":{"start":{"line":154,"column":0},"end":{"line":154,"column":20}}},"fnMap":{"0":{"name":"(anonymous_0)","decl":{"start":{"line":18,"column":4},"end":{"line":18,"column":5}},"loc":{"start":{"line":18,"column":67},"end":{"line":40,"column":5}},"line":18},"1":{"name":"(anonymous_1)","decl":{"start":{"line":47,"column":4},"end":{"line":47,"column":5}},"loc":{"start":{"line":47,"column":27},"end":{"line":57,"column":7}},"line":47},"2":{"name":"(anonymous_2)","decl":{"start":{"line":60,"column":6},"end":{"line":60,"column":7}},"loc":{"start":{"line":60,"column":35},"end":{"line":72,"column":7}},"line":60},"3":{"name":"(anonymous_3)","decl":{"start":{"line":81,"column":6},"end":{"line":81,"column":7}},"loc":{"start":{"line":81,"column":31},"end":{"line":96,"column":7}},"line":81},"4":{"name":"(anonymous_4)","decl":{"start":{"line":109,"column":6},"end":{"line":109,"column":7}},"loc":{"start":{"line":109,"column":36},"end":{"line":133,"column":7}},"line":109},"5":{"name":"(anonymous_5)","decl":{"start":{"line":140,"column":6},"end":{"line":140,"column":7}},"loc":{"start":{"line":140,"column":30},"end":{"line":150,"column":7}},"line":140}},"branchMap":{"0":{"loc":{"start":{"line":24,"column":8},"end":{"line":25,"column":84}},"type":"if","locations":[{"start":{"line":24,"column":8},"end":{"line":25,"column":84}},{"start":{},"end":{}}],"line":24},"1":{"loc":{"start":{"line":93,"column":8},"end":{"line":93,"column":67}},"type":"if","locations":[{"start":{"line":93,"column":8},"end":{"line":93,"column":67}},{"start":{},"end":{}}],"line":93},"2":{"loc":{"start":{"line":130,"column":8},"end":{"line":130,"column":67}},"type":"if","locations":[{"start":{"line":130,"column":8},"end":{"line":130,"column":67}},{"start":{},"end":{}}],"line":130},"3":{"loc":{"start":{"line":149,"column":8},"end":{"line":149,"column":67}},"type":"if","locations":[{"start":{"line":149,"column":8},"end":{"line":149,"column":67}},{"start":{},"end":{}}],"line":149}},"s":{"0":6,"1":6,"2":6,"3":6,"4":20,"5":20,"6":1,"7":19,"8":19,"9":19,"10":1,"11":1,"12":5,"13":5,"14":4,"15":3,"16":3,"17":3,"18":1,"19":2,"20":6,"21":5,"22":5,"23":5,"24":5,"25":5,"26":2,"27":3,"28":4,"29":4,"30":4,"31":2,"32":6},"f":{"0":20,"1":1,"2":5,"3":3,"4":6,"5":4},"b":{"0":[1,19],"1":[1,2],"2":[2,3],"3":[2,2]},"_coverageSchema":"1a1c01bbd47fc00a2c39e90264f33305004495a9","hash":"a37e3194c0e4e9d608c6743f78e0e6078f7ff7e5"}
,"/Users/konstantinosanagnostou/Desktop/Springboard/MAINCOURSE/PROJECTS/37.ExpressJobly/models/user.js": {"path":"/Users/konstantinosanagnostou/Desktop/Springboard/MAINCOURSE/PROJECTS/37.ExpressJobly/models/user.js","statementMap":{"0":{"start":{"line":3,"column":11},"end":{"line":3,"column":27}},"1":{"start":{"line":4,"column":15},"end":{"line":4,"column":32}},"2":{"start":{"line":5,"column":32},"end":{"line":5,"column":57}},"3":{"start":{"line":11,"column":4},"end":{"line":11,"column":30}},"4":{"start":{"line":13,"column":31},"end":{"line":13,"column":54}},"5":{"start":{"line":27,"column":19},"end":{"line":37,"column":5}},"6":{"start":{"line":39,"column":17},"end":{"line":39,"column":31}},"7":{"start":{"line":41,"column":4},"end":{"line":48,"column":5}},"8":{"start":{"line":43,"column":22},"end":{"line":43,"column":67}},"9":{"start":{"line":44,"column":6},"end":{"line":47,"column":7}},"10":{"start":{"line":45,"column":8},"end":{"line":45,"column":29}},"11":{"start":{"line":46,"column":8},"end":{"line":46,"column":20}},"12":{"start":{"line":50,"column":4},"end":{"line":50,"column":61}},"13":{"start":{"line":62,"column":27},"end":{"line":67,"column":5}},"14":{"start":{"line":69,"column":4},"end":{"line":71,"column":5}},"15":{"start":{"line":70,"column":6},"end":{"line":70,"column":67}},"16":{"start":{"line":73,"column":27},"end":{"line":73,"column":74}},"17":{"start":{"line":75,"column":19},"end":{"line":93,"column":5}},"18":{"start":{"line":95,"column":17},"end":{"line":95,"column":31}},"19":{"start":{"line":97,"column":4},"end":{"line":97,"column":16}},"20":{"start":{"line":106,"column":19},"end":{"line":114,"column":5}},"21":{"start":{"line":115,"column":18},"end":{"line":115,"column":29}},"22":{"start":{"line":116,"column":4},"end":{"line":120,"column":5}},"23":{"start":{"line":117,"column":22},"end":{"line":118,"column":77}},"24":{"start":{"line":119,"column":6},"end":{"line":119,"column":30}},"25":{"start":{"line":121,"column":4},"end":{"line":121,"column":17}},"26":{"start":{"line":134,"column":20},"end":{"line":143,"column":5}},"27":{"start":{"line":145,"column":17},"end":{"line":145,"column":32}},"28":{"start":{"line":146,"column":4},"end":{"line":146,"column":63}},"29":{"start":{"line":146,"column":15},"end":{"line":146,"column":63}},"30":{"start":{"line":148,"column":20},"end":{"line":149,"column":76}},"31":{"start":{"line":150,"column":17},"end":{"line":150,"column":50}},"32":{"start":{"line":150,"column":39},"end":{"line":150,"column":49}},"33":{"start":{"line":151,"column":4},"end":{"line":151,"column":23}},"34":{"start":{"line":152,"column":4},"end":{"line":152,"column":29}},"35":{"start":{"line":153,"column":4},"end":{"line":153,"column":16}},"36":{"start":{"line":174,"column":4},"end":{"line":176,"column":5}},"37":{"start":{"line":175,"column":6},"end":{"line":175,"column":75}},"38":{"start":{"line":178,"column":32},"end":{"line":184,"column":10}},"39":{"start":{"line":185,"column":27},"end":{"line":185,"column":52}},"40":{"start":{"line":187,"column":21},"end":{"line":194,"column":54}},"41":{"start":{"line":195,"column":19},"end":{"line":195,"column":66}},"42":{"start":{"line":196,"column":17},"end":{"line":196,"column":31}},"43":{"start":{"line":198,"column":4},"end":{"line":198,"column":63}},"44":{"start":{"line":198,"column":15},"end":{"line":198,"column":63}},"45":{"start":{"line":200,"column":4},"end":{"line":200,"column":25}},"46":{"start":{"line":201,"column":4},"end":{"line":201,"column":16}},"47":{"start":{"line":207,"column":17},"end":{"line":213,"column":5}},"48":{"start":{"line":214,"column":17},"end":{"line":214,"column":31}},"49":{"start":{"line":216,"column":4},"end":{"line":216,"column":63}},"50":{"start":{"line":216,"column":15},"end":{"line":216,"column":63}},"51":{"start":{"line":223,"column":14},"end":{"line":223,"column":84}},"52":{"start":{"line":224,"column":4},"end":{"line":226,"column":5}},"53":{"start":{"line":225,"column":6},"end":{"line":225,"column":51}},"54":{"start":{"line":228,"column":14},"end":{"line":228,"column":79}},"55":{"start":{"line":229,"column":4},"end":{"line":231,"column":5}},"56":{"start":{"line":230,"column":6},"end":{"line":230,"column":50}},"57":{"start":{"line":233,"column":19},"end":{"line":235,"column":87}},"58":{"start":{"line":238,"column":24},"end":{"line":238,"column":38}},"59":{"start":{"line":239,"column":4},"end":{"line":239,"column":22}},"60":{"start":{"line":247,"column":0},"end":{"line":247,"column":22}}},"fnMap":{"0":{"name":"(anonymous_0)","decl":{"start":{"line":25,"column":2},"end":{"line":25,"column":3}},"loc":{"start":{"line":25,"column":48},"end":{"line":51,"column":3}},"line":25},"1":{"name":"(anonymous_1)","decl":{"start":{"line":60,"column":2},"end":{"line":60,"column":3}},"loc":{"start":{"line":61,"column":67},"end":{"line":98,"column":3}},"line":61},"2":{"name":"(anonymous_2)","decl":{"start":{"line":105,"column":2},"end":{"line":105,"column":3}},"loc":{"start":{"line":105,"column":25},"end":{"line":122,"column":3}},"line":105},"3":{"name":"(anonymous_3)","decl":{"start":{"line":132,"column":2},"end":{"line":132,"column":3}},"loc":{"start":{"line":132,"column":29},"end":{"line":154,"column":3}},"line":132},"4":{"name":"(anonymous_4)","decl":{"start":{"line":150,"column":34},"end":{"line":150,"column":35}},"loc":{"start":{"line":150,"column":39},"end":{"line":150,"column":49}},"line":150},"5":{"name":"(anonymous_5)","decl":{"start":{"line":173,"column":2},"end":{"line":173,"column":3}},"loc":{"start":{"line":173,"column":38},"end":{"line":202,"column":3}},"line":173},"6":{"name":"(anonymous_6)","decl":{"start":{"line":206,"column":2},"end":{"line":206,"column":3}},"loc":{"start":{"line":206,"column":32},"end":{"line":217,"column":3}},"line":206},"7":{"name":"(anonymous_7)","decl":{"start":{"line":221,"column":2},"end":{"line":221,"column":3}},"loc":{"start":{"line":221,"column":38},"end":{"line":240,"column":3}},"line":221}},"branchMap":{"0":{"loc":{"start":{"line":41,"column":4},"end":{"line":48,"column":5}},"type":"if","locations":[{"start":{"line":41,"column":4},"end":{"line":48,"column":5}},{"start":{},"end":{}}],"line":41},"1":{"loc":{"start":{"line":44,"column":6},"end":{"line":47,"column":7}},"type":"if","locations":[{"start":{"line":44,"column":6},"end":{"line":47,"column":7}},{"start":{},"end":{}}],"line":44},"2":{"loc":{"start":{"line":69,"column":4},"end":{"line":71,"column":5}},"type":"if","locations":[{"start":{"line":69,"column":4},"end":{"line":71,"column":5}},{"start":{},"end":{}}],"line":69},"3":{"loc":{"start":{"line":146,"column":4},"end":{"line":146,"column":63}},"type":"if","locations":[{"start":{"line":146,"column":4},"end":{"line":146,"column":63}},{"start":{},"end":{}}],"line":146},"4":{"loc":{"start":{"line":174,"column":4},"end":{"line":176,"column":5}},"type":"if","locations":[{"start":{"line":174,"column":4},"end":{"line":176,"column":5}},{"start":{},"end":{}}],"line":174},"5":{"loc":{"start":{"line":198,"column":4},"end":{"line":198,"column":63}},"type":"if","locations":[{"start":{"line":198,"column":4},"end":{"line":198,"column":63}},{"start":{},"end":{}}],"line":198},"6":{"loc":{"start":{"line":216,"column":4},"end":{"line":216,"column":63}},"type":"if","locations":[{"start":{"line":216,"column":4},"end":{"line":216,"column":63}},{"start":{},"end":{}}],"line":216},"7":{"loc":{"start":{"line":224,"column":4},"end":{"line":226,"column":5}},"type":"if","locations":[{"start":{"line":224,"column":4},"end":{"line":226,"column":5}},{"start":{},"end":{}}],"line":224},"8":{"loc":{"start":{"line":229,"column":4},"end":{"line":231,"column":5}},"type":"if","locations":[{"start":{"line":229,"column":4},"end":{"line":231,"column":5}},{"start":{},"end":{}}],"line":229}},"s":{"0":6,"1":6,"2":6,"3":6,"4":6,"5":7,"6":7,"7":7,"8":4,"9":4,"10":3,"11":3,"12":4,"13":19,"14":19,"15":1,"16":18,"17":18,"18":18,"19":18,"20":3,"21":2,"22":2,"23":5,"24":5,"25":2,"26":6,"27":6,"28":6,"29":2,"30":4,"31":4,"32":2,"33":4,"34":4,"35":4,"36":8,"37":2,"38":8,"39":7,"40":7,"41":7,"42":7,"43":7,"44":2,"45":5,"46":5,"47":4,"48":4,"49":4,"50":1,"51":5,"52":5,"53":0,"54":5,"55":5,"56":1,"57":4,"58":4,"59":4,"60":6},"f":{"0":7,"1":19,"2":3,"3":6,"4":2,"5":8,"6":4,"7":5},"b":{"0":[4,3],"1":[3,1],"2":[1,18],"3":[2,4],"4":[2,6],"5":[2,5],"6":[1,3],"7":[0,5],"8":[1,4]},"_coverageSchema":"1a1c01bbd47fc00a2c39e90264f33305004495a9","hash":"b9647af55ff8570fdfb904133ddbe27c782b2bbd"}
,"/Users/konstantinosanagnostou/Desktop/Springboard/MAINCOURSE/PROJECTS/37.ExpressJobly/routes/_testCommon.js": {"path":"/Users/konstantinosanagnostou/Desktop/Springboard/MAINCOURSE/PROJECTS/37.ExpressJobly/routes/_testCommon.js","statementMap":{"0":{"start":{"line":3,"column":11},"end":{"line":3,"column":30}},"1":{"start":{"line":4,"column":13},"end":{"line":4,"column":38}},"2":{"start":{"line":5,"column":16},"end":{"line":5,"column":44}},"3":{"start":{"line":6,"column":12},"end":{"line":6,"column":36}},"4":{"start":{"line":7,"column":24},"end":{"line":7,"column":52}},"5":{"start":{"line":11,"column":2},"end":{"line":11,"column":38}},"6":{"start":{"line":13,"column":2},"end":{"line":13,"column":42}},"7":{"start":{"line":15,"column":2},"end":{"line":15,"column":36}},"8":{"start":{"line":17,"column":2},"end":{"line":17,"column":44}},"9":{"start":{"line":19,"column":2},"end":{"line":19,"column":61}},"10":{"start":{"line":21,"column":2},"end":{"line":28,"column":9}},"11":{"start":{"line":29,"column":2},"end":{"line":36,"column":9}},"12":{"start":{"line":37,"column":2},"end":{"line":44,"column":9}},"13":{"start":{"line":46,"column":2},"end":{"line":51,"column":4}},"14":{"start":{"line":53,"column":2},"end":{"line":58,"column":4}},"15":{"start":{"line":60,"column":2},"end":{"line":65,"column":4}},"16":{"start":{"line":67,"column":2},"end":{"line":72,"column":4}},"17":{"start":{"line":74,"column":2},"end":{"line":81,"column":5}},"18":{"start":{"line":82,"column":2},"end":{"line":90,"column":5}},"19":{"start":{"line":91,"column":2},"end":{"line":98,"column":5}},"20":{"start":{"line":102,"column":2},"end":{"line":102,"column":26}},"21":{"start":{"line":106,"column":2},"end":{"line":106,"column":29}},"22":{"start":{"line":110,"column":2},"end":{"line":110,"column":17}},"23":{"start":{"line":114,"column":16},"end":{"line":114,"column":63}},"24":{"start":{"line":115,"column":16},"end":{"line":115,"column":62}},"25":{"start":{"line":117,"column":0},"end":{"line":124,"column":2}}},"fnMap":{"0":{"name":"commonBeforeAll","decl":{"start":{"line":9,"column":15},"end":{"line":9,"column":30}},"loc":{"start":{"line":9,"column":33},"end":{"line":99,"column":1}},"line":9},"1":{"name":"commonBeforeEach","decl":{"start":{"line":101,"column":15},"end":{"line":101,"column":31}},"loc":{"start":{"line":101,"column":34},"end":{"line":103,"column":1}},"line":101},"2":{"name":"commonAfterEach","decl":{"start":{"line":105,"column":15},"end":{"line":105,"column":30}},"loc":{"start":{"line":105,"column":33},"end":{"line":107,"column":1}},"line":105},"3":{"name":"commonAfterAll","decl":{"start":{"line":109,"column":15},"end":{"line":109,"column":29}},"loc":{"start":{"line":109,"column":32},"end":{"line":111,"column":1}},"line":109}},"branchMap":{},"s":{"0":4,"1":4,"2":4,"3":4,"4":4,"5":4,"6":4,"7":4,"8":4,"9":4,"10":4,"11":4,"12":4,"13":4,"14":4,"15":4,"16":4,"17":4,"18":4,"19":4,"20":88,"21":88,"22":4,"23":4,"24":4,"25":4},"f":{"0":4,"1":88,"2":88,"3":4},"b":{},"_coverageSchema":"1a1c01bbd47fc00a2c39e90264f33305004495a9","hash":"56efca987b44a82aa5a724a1af49a14a6e4700dd"}
,"/Users/konstantinosanagnostou/Desktop/Springboard/MAINCOURSE/PROJECTS/37.ExpressJobly/routes/auth.js": {"path":"/Users/konstantinosanagnostou/Desktop/Springboard/MAINCOURSE/PROJECTS/37.ExpressJobly/routes/auth.js","statementMap":{"0":{"start":{"line":5,"column":19},"end":{"line":5,"column":40}},"1":{"start":{"line":7,"column":13},"end":{"line":7,"column":38}},"2":{"start":{"line":8,"column":16},"end":{"line":8,"column":34}},"3":{"start":{"line":9,"column":15},"end":{"line":9,"column":35}},"4":{"start":{"line":10,"column":24},"end":{"line":10,"column":52}},"5":{"start":{"line":11,"column":23},"end":{"line":11,"column":58}},"6":{"start":{"line":12,"column":27},"end":{"line":12,"column":66}},"7":{"start":{"line":13,"column":28},"end":{"line":13,"column":54}},"8":{"start":{"line":22,"column":0},"end":{"line":37,"column":3}},"9":{"start":{"line":23,"column":2},"end":{"line":36,"column":3}},"10":{"start":{"line":24,"column":22},"end":{"line":24,"column":67}},"11":{"start":{"line":25,"column":4},"end":{"line":28,"column":5}},"12":{"start":{"line":26,"column":19},"end":{"line":26,"column":53}},"13":{"start":{"line":26,"column":45},"end":{"line":26,"column":52}},"14":{"start":{"line":27,"column":6},"end":{"line":27,"column":38}},"15":{"start":{"line":30,"column":35},"end":{"line":30,"column":43}},"16":{"start":{"line":31,"column":17},"end":{"line":31,"column":60}},"17":{"start":{"line":32,"column":18},"end":{"line":32,"column":35}},"18":{"start":{"line":33,"column":4},"end":{"line":33,"column":31}},"19":{"start":{"line":35,"column":4},"end":{"line":35,"column":21}},"20":{"start":{"line":49,"column":0},"end":{"line":63,"column":3}},"21":{"start":{"line":50,"column":2},"end":{"line":62,"column":3}},"22":{"start":{"line":51,"column":22},"end":{"line":51,"column":71}},"23":{"start":{"line":52,"column":4},"end":{"line":55,"column":5}},"24":{"start":{"line":53,"column":19},"end":{"line":53,"column":53}},"25":{"start":{"line":53,"column":45},"end":{"line":53,"column":52}},"26":{"start":{"line":54,"column":6},"end":{"line":54,"column":38}},"27":{"start":{"line":57,"column":20},"end":{"line":57,"column":72}},"28":{"start":{"line":58,"column":18},"end":{"line":58,"column":38}},"29":{"start":{"line":59,"column":4},"end":{"line":59,"column":43}},"30":{"start":{"line":61,"column":4},"end":{"line":61,"column":21}},"31":{"start":{"line":66,"column":0},"end":{"line":66,"column":24}}},"fnMap":{"0":{"name":"(anonymous_0)","decl":{"start":{"line":22,"column":22},"end":{"line":22,"column":23}},"loc":{"start":{"line":22,"column":54},"end":{"line":37,"column":1}},"line":22},"1":{"name":"(anonymous_1)","decl":{"start":{"line":26,"column":40},"end":{"line":26,"column":41}},"loc":{"start":{"line":26,"column":45},"end":{"line":26,"column":52}},"line":26},"2":{"name":"(anonymous_2)","decl":{"start":{"line":49,"column":25},"end":{"line":49,"column":26}},"loc":{"start":{"line":49,"column":57},"end":{"line":63,"column":1}},"line":49},"3":{"name":"(anonymous_3)","decl":{"start":{"line":53,"column":40},"end":{"line":53,"column":41}},"loc":{"start":{"line":53,"column":45},"end":{"line":53,"column":52}},"line":53}},"branchMap":{"0":{"loc":{"start":{"line":25,"column":4},"end":{"line":28,"column":5}},"type":"if","locations":[{"start":{"line":25,"column":4},"end":{"line":28,"column":5}},{"start":{},"end":{}}],"line":25},"1":{"loc":{"start":{"line":52,"column":4},"end":{"line":55,"column":5}},"type":"if","locations":[{"start":{"line":52,"column":4},"end":{"line":55,"column":5}},{"start":{},"end":{}}],"line":52}},"s":{"0":5,"1":5,"2":5,"3":5,"4":5,"5":5,"6":5,"7":5,"8":5,"9":5,"10":5,"11":5,"12":2,"13":2,"14":2,"15":3,"16":3,"17":1,"18":1,"19":4,"20":5,"21":3,"22":3,"23":3,"24":2,"25":5,"26":2,"27":1,"28":1,"29":1,"30":2,"31":5},"f":{"0":5,"1":2,"2":3,"3":5},"b":{"0":[2,3],"1":[2,1]},"_coverageSchema":"1a1c01bbd47fc00a2c39e90264f33305004495a9","hash":"27fc97d4d3a896ee15cfdcbcd820801396a23cfd"}
,"/Users/konstantinosanagnostou/Desktop/Springboard/MAINCOURSE/PROJECTS/37.ExpressJobly/routes/companies.js": {"path":"/Users/konstantinosanagnostou/Desktop/Springboard/MAINCOURSE/PROJECTS/37.ExpressJobly/routes/companies.js","statementMap":{"0":{"start":{"line":4,"column":23},"end":{"line":4,"column":60}},"1":{"start":{"line":5,"column":19},"end":{"line":5,"column":40}},"2":{"start":{"line":6,"column":16},"end":{"line":6,"column":34}},"3":{"start":{"line":8,"column":28},"end":{"line":8,"column":54}},"4":{"start":{"line":9,"column":42},"end":{"line":9,"column":71}},"5":{"start":{"line":10,"column":16},"end":{"line":10,"column":44}},"6":{"start":{"line":12,"column":25},"end":{"line":12,"column":62}},"7":{"start":{"line":13,"column":28},"end":{"line":13,"column":68}},"8":{"start":{"line":15,"column":15},"end":{"line":15,"column":35}},"9":{"start":{"line":27,"column":0},"end":{"line":39,"column":3}},"10":{"start":{"line":28,"column":2},"end":{"line":38,"column":3}},"11":{"start":{"line":29,"column":22},"end":{"line":29,"column":69}},"12":{"start":{"line":30,"column":4},"end":{"line":33,"column":5}},"13":{"start":{"line":31,"column":19},"end":{"line":31,"column":53}},"14":{"start":{"line":31,"column":45},"end":{"line":31,"column":52}},"15":{"start":{"line":32,"column":6},"end":{"line":32,"column":38}},"16":{"start":{"line":34,"column":20},"end":{"line":34,"column":50}},"17":{"start":{"line":35,"column":4},"end":{"line":35,"column":45}},"18":{"start":{"line":37,"column":4},"end":{"line":37,"column":21}},"19":{"start":{"line":52,"column":0},"end":{"line":63,"column":3}},"20":{"start":{"line":53,"column":2},"end":{"line":62,"column":3}},"21":{"start":{"line":54,"column":20},"end":{"line":54,"column":29}},"22":{"start":{"line":56,"column":4},"end":{"line":56,"column":27}},"23":{"start":{"line":58,"column":22},"end":{"line":58,"column":51}},"24":{"start":{"line":59,"column":4},"end":{"line":59,"column":35}},"25":{"start":{"line":61,"column":4},"end":{"line":61,"column":21}},"26":{"start":{"line":73,"column":0},"end":{"line":80,"column":3}},"27":{"start":{"line":74,"column":2},"end":{"line":79,"column":3}},"28":{"start":{"line":75,"column":20},"end":{"line":75,"column":56}},"29":{"start":{"line":76,"column":4},"end":{"line":76,"column":33}},"30":{"start":{"line":78,"column":4},"end":{"line":78,"column":21}},"31":{"start":{"line":93,"column":0},"end":{"line":106,"column":3}},"32":{"start":{"line":94,"column":2},"end":{"line":105,"column":3}},"33":{"start":{"line":95,"column":22},"end":{"line":95,"column":72}},"34":{"start":{"line":96,"column":4},"end":{"line":99,"column":5}},"35":{"start":{"line":97,"column":19},"end":{"line":97,"column":53}},"36":{"start":{"line":97,"column":45},"end":{"line":97,"column":52}},"37":{"start":{"line":98,"column":6},"end":{"line":98,"column":38}},"38":{"start":{"line":101,"column":20},"end":{"line":101,"column":69}},"39":{"start":{"line":102,"column":4},"end":{"line":102,"column":33}},"40":{"start":{"line":104,"column":4},"end":{"line":104,"column":21}},"41":{"start":{"line":113,"column":0},"end":{"line":120,"column":3}},"42":{"start":{"line":114,"column":2},"end":{"line":119,"column":3}},"43":{"start":{"line":115,"column":4},"end":{"line":115,"column":44}},"44":{"start":{"line":116,"column":4},"end":{"line":116,"column":52}},"45":{"start":{"line":118,"column":4},"end":{"line":118,"column":21}},"46":{"start":{"line":123,"column":0},"end":{"line":123,"column":24}}},"fnMap":{"0":{"name":"(anonymous_0)","decl":{"start":{"line":27,"column":48},"end":{"line":27,"column":49}},"loc":{"start":{"line":27,"column":80},"end":{"line":39,"column":1}},"line":27},"1":{"name":"(anonymous_1)","decl":{"start":{"line":31,"column":40},"end":{"line":31,"column":41}},"loc":{"start":{"line":31,"column":45},"end":{"line":31,"column":52}},"line":31},"2":{"name":"(anonymous_2)","decl":{"start":{"line":52,"column":16},"end":{"line":52,"column":17}},"loc":{"start":{"line":52,"column":48},"end":{"line":63,"column":1}},"line":52},"3":{"name":"(anonymous_3)","decl":{"start":{"line":73,"column":23},"end":{"line":73,"column":24}},"loc":{"start":{"line":73,"column":55},"end":{"line":80,"column":1}},"line":73},"4":{"name":"(anonymous_4)","decl":{"start":{"line":93,"column":56},"end":{"line":93,"column":57}},"loc":{"start":{"line":93,"column":88},"end":{"line":106,"column":1}},"line":93},"5":{"name":"(anonymous_5)","decl":{"start":{"line":97,"column":40},"end":{"line":97,"column":41}},"loc":{"start":{"line":97,"column":45},"end":{"line":97,"column":52}},"line":97},"6":{"name":"(anonymous_6)","decl":{"start":{"line":113,"column":57},"end":{"line":113,"column":58}},"loc":{"start":{"line":113,"column":89},"end":{"line":120,"column":1}},"line":113}},"branchMap":{"0":{"loc":{"start":{"line":30,"column":4},"end":{"line":33,"column":5}},"type":"if","locations":[{"start":{"line":30,"column":4},"end":{"line":33,"column":5}},{"start":{},"end":{}}],"line":30},"1":{"loc":{"start":{"line":96,"column":4},"end":{"line":99,"column":5}},"type":"if","locations":[{"start":{"line":96,"column":4},"end":{"line":99,"column":5}},{"start":{},"end":{}}],"line":96}},"s":{"0":5,"1":5,"2":5,"3":5,"4":5,"5":5,"6":5,"7":5,"8":5,"9":5,"10":3,"11":3,"12":3,"13":2,"14":3,"15":2,"16":1,"17":1,"18":2,"19":5,"20":9,"21":9,"22":9,"23":6,"24":5,"25":4,"26":5,"27":3,"28":3,"29":2,"30":1,"31":5,"32":4,"33":4,"34":4,"35":2,"36":2,"37":2,"38":2,"39":1,"40":3,"41":5,"42":2,"43":2,"44":1,"45":1,"46":5},"f":{"0":3,"1":3,"2":9,"3":3,"4":4,"5":2,"6":2},"b":{"0":[2,1],"1":[2,2]},"_coverageSchema":"1a1c01bbd47fc00a2c39e90264f33305004495a9","hash":"cdc117071b4e1836be44315e987d5ef60460981a"}
,"/Users/konstantinosanagnostou/Desktop/Springboard/MAINCOURSE/PROJECTS/37.ExpressJobly/routes/jobs.js": {"path":"/Users/konstantinosanagnostou/Desktop/Springboard/MAINCOURSE/PROJECTS/37.ExpressJobly/routes/jobs.js","statementMap":{"0":{"start":{"line":3,"column":19},"end":{"line":3,"column":40}},"1":{"start":{"line":4,"column":16},"end":{"line":4,"column":34}},"2":{"start":{"line":6,"column":42},"end":{"line":6,"column":68}},"3":{"start":{"line":7,"column":42},"end":{"line":7,"column":71}},"4":{"start":{"line":8,"column":12},"end":{"line":8,"column":36}},"5":{"start":{"line":10,"column":21},"end":{"line":10,"column":54}},"6":{"start":{"line":11,"column":24},"end":{"line":11,"column":60}},"7":{"start":{"line":13,"column":15},"end":{"line":13,"column":35}},"8":{"start":{"line":15,"column":0},"end":{"line":28,"column":5}},"9":{"start":{"line":16,"column":4},"end":{"line":27,"column":5}},"10":{"start":{"line":17,"column":24},"end":{"line":17,"column":67}},"11":{"start":{"line":18,"column":6},"end":{"line":21,"column":7}},"12":{"start":{"line":19,"column":21},"end":{"line":19,"column":55}},"13":{"start":{"line":19,"column":47},"end":{"line":19,"column":54}},"14":{"start":{"line":20,"column":8},"end":{"line":20,"column":40}},"15":{"start":{"line":23,"column":18},"end":{"line":23,"column":44}},"16":{"start":{"line":24,"column":6},"end":{"line":24,"column":43}},"17":{"start":{"line":26,"column":6},"end":{"line":26,"column":23}},"18":{"start":{"line":30,"column":2},"end":{"line":46,"column":5}},"19":{"start":{"line":31,"column":4},"end":{"line":45,"column":5}},"20":{"start":{"line":32,"column":22},"end":{"line":32,"column":31}},"21":{"start":{"line":34,"column":6},"end":{"line":39,"column":7}},"22":{"start":{"line":35,"column":20},"end":{"line":35,"column":49}},"23":{"start":{"line":36,"column":8},"end":{"line":38,"column":9}},"24":{"start":{"line":37,"column":12},"end":{"line":37,"column":91}},"25":{"start":{"line":41,"column":19},"end":{"line":41,"column":44}},"26":{"start":{"line":42,"column":6},"end":{"line":42,"column":32}},"27":{"start":{"line":44,"column":6},"end":{"line":44,"column":23}},"28":{"start":{"line":55,"column":1},"end":{"line":62,"column":3}},"29":{"start":{"line":56,"column":2},"end":{"line":61,"column":3}},"30":{"start":{"line":57,"column":16},"end":{"line":57,"column":48}},"31":{"start":{"line":58,"column":4},"end":{"line":58,"column":29}},"32":{"start":{"line":60,"column":4},"end":{"line":60,"column":21}},"33":{"start":{"line":75,"column":1},"end":{"line":88,"column":3}},"34":{"start":{"line":76,"column":2},"end":{"line":87,"column":3}},"35":{"start":{"line":77,"column":22},"end":{"line":77,"column":68}},"36":{"start":{"line":78,"column":4},"end":{"line":81,"column":5}},"37":{"start":{"line":79,"column":19},"end":{"line":79,"column":53}},"38":{"start":{"line":79,"column":45},"end":{"line":79,"column":52}},"39":{"start":{"line":80,"column":6},"end":{"line":80,"column":38}},"40":{"start":{"line":83,"column":16},"end":{"line":83,"column":57}},"41":{"start":{"line":84,"column":4},"end":{"line":84,"column":29}},"42":{"start":{"line":86,"column":4},"end":{"line":86,"column":21}},"43":{"start":{"line":95,"column":1},"end":{"line":102,"column":3}},"44":{"start":{"line":96,"column":2},"end":{"line":101,"column":3}},"45":{"start":{"line":97,"column":4},"end":{"line":97,"column":36}},"46":{"start":{"line":98,"column":4},"end":{"line":98,"column":48}},"47":{"start":{"line":100,"column":4},"end":{"line":100,"column":21}},"48":{"start":{"line":103,"column":0},"end":{"line":103,"column":24}}},"fnMap":{"0":{"name":"(anonymous_0)","decl":{"start":{"line":15,"column":48},"end":{"line":15,"column":49}},"loc":{"start":{"line":15,"column":80},"end":{"line":28,"column":3}},"line":15},"1":{"name":"(anonymous_1)","decl":{"start":{"line":19,"column":42},"end":{"line":19,"column":43}},"loc":{"start":{"line":19,"column":47},"end":{"line":19,"column":54}},"line":19},"2":{"name":"(anonymous_2)","decl":{"start":{"line":30,"column":18},"end":{"line":30,"column":19}},"loc":{"start":{"line":30,"column":50},"end":{"line":46,"column":3}},"line":30},"3":{"name":"(anonymous_3)","decl":{"start":{"line":55,"column":20},"end":{"line":55,"column":21}},"loc":{"start":{"line":55,"column":52},"end":{"line":62,"column":1}},"line":55},"4":{"name":"(anonymous_4)","decl":{"start":{"line":75,"column":53},"end":{"line":75,"column":54}},"loc":{"start":{"line":75,"column":85},"end":{"line":88,"column":1}},"line":75},"5":{"name":"(anonymous_5)","decl":{"start":{"line":79,"column":40},"end":{"line":79,"column":41}},"loc":{"start":{"line":79,"column":45},"end":{"line":79,"column":52}},"line":79},"6":{"name":"(anonymous_6)","decl":{"start":{"line":95,"column":54},"end":{"line":95,"column":55}},"loc":{"start":{"line":95,"column":86},"end":{"line":102,"column":1}},"line":95}},"branchMap":{"0":{"loc":{"start":{"line":18,"column":6},"end":{"line":21,"column":7}},"type":"if","locations":[{"start":{"line":18,"column":6},"end":{"line":21,"column":7}},{"start":{},"end":{}}],"line":18},"1":{"loc":{"start":{"line":34,"column":6},"end":{"line":39,"column":7}},"type":"if","locations":[{"start":{"line":34,"column":6},"end":{"line":39,"column":7}},{"start":{},"end":{}}],"line":34},"2":{"loc":{"start":{"line":36,"column":8},"end":{"line":38,"column":9}},"type":"if","locations":[{"start":{"line":36,"column":8},"end":{"line":38,"column":9}},{"start":{},"end":{}}],"line":36},"3":{"loc":{"start":{"line":78,"column":4},"end":{"line":81,"column":5}},"type":"if","locations":[{"start":{"line":78,"column":4},"end":{"line":81,"column":5}},{"start":{},"end":{}}],"line":78}},"s":{"0":5,"1":5,"2":5,"3":5,"4":5,"5":5,"6":5,"7":5,"8":5,"9":2,"10":2,"11":2,"12":1,"13":1,"14":1,"15":1,"16":1,"17":1,"18":5,"19":6,"20":6,"21":6,"22":2,"23":2,"24":1,"25":5,"26":4,"27":2,"28":5,"29":1,"30":1,"31":1,"32":0,"33":5,"34":4,"35":4,"36":4,"37":2,"38":2,"39":2,"40":2,"41":1,"42":3,"43":5,"44":2,"45":2,"46":1,"47":1,"48":5},"f":{"0":2,"1":1,"2":6,"3":1,"4":4,"5":2,"6":2},"b":{"0":[1,1],"1":[2,4],"2":[1,1],"3":[2,2]},"_coverageSchema":"1a1c01bbd47fc00a2c39e90264f33305004495a9","hash":"4777fcc78d985856632dba090ad1782519d2c954"}
,"/Users/konstantinosanagnostou/Desktop/Springboard/MAINCOURSE/PROJECTS/37.ExpressJobly/routes/users.js": {"path":"/Users/konstantinosanagnostou/Desktop/Springboard/MAINCOURSE/PROJECTS/37.ExpressJobly/routes/users.js","statementMap":{"0":{"start":{"line":5,"column":19},"end":{"line":5,"column":40}},"1":{"start":{"line":7,"column":16},"end":{"line":7,"column":34}},"2":{"start":{"line":8,"column":85},"end":{"line":8,"column":114}},"3":{"start":{"line":9,"column":28},"end":{"line":9,"column":54}},"4":{"start":{"line":10,"column":13},"end":{"line":10,"column":38}},"5":{"start":{"line":11,"column":24},"end":{"line":11,"column":52}},"6":{"start":{"line":12,"column":22},"end":{"line":12,"column":56}},"7":{"start":{"line":13,"column":25},"end":{"line":13,"column":62}},"8":{"start":{"line":14,"column":29},"end":{"line":14,"column":70}},"9":{"start":{"line":16,"column":15},"end":{"line":16,"column":31}},"10":{"start":{"line":31,"column":0},"end":{"line":45,"column":3}},"11":{"start":{"line":32,"column":2},"end":{"line":44,"column":3}},"12":{"start":{"line":33,"column":22},"end":{"line":33,"column":66}},"13":{"start":{"line":34,"column":4},"end":{"line":37,"column":5}},"14":{"start":{"line":35,"column":19},"end":{"line":35,"column":53}},"15":{"start":{"line":35,"column":45},"end":{"line":35,"column":52}},"16":{"start":{"line":36,"column":6},"end":{"line":36,"column":38}},"17":{"start":{"line":39,"column":17},"end":{"line":39,"column":46}},"18":{"start":{"line":40,"column":18},"end":{"line":40,"column":35}},"19":{"start":{"line":41,"column":4},"end":{"line":41,"column":49}},"20":{"start":{"line":43,"column":4},"end":{"line":43,"column":21}},"21":{"start":{"line":55,"column":0},"end":{"line":62,"column":3}},"22":{"start":{"line":56,"column":2},"end":{"line":61,"column":3}},"23":{"start":{"line":57,"column":18},"end":{"line":57,"column":38}},"24":{"start":{"line":58,"column":4},"end":{"line":58,"column":31}},"25":{"start":{"line":60,"column":4},"end":{"line":60,"column":21}},"26":{"start":{"line":72,"column":0},"end":{"line":79,"column":3}},"27":{"start":{"line":73,"column":2},"end":{"line":78,"column":3}},"28":{"start":{"line":74,"column":17},"end":{"line":74,"column":52}},"29":{"start":{"line":75,"column":4},"end":{"line":75,"column":30}},"30":{"start":{"line":77,"column":4},"end":{"line":77,"column":21}},"31":{"start":{"line":92,"column":0},"end":{"line":105,"column":3}},"32":{"start":{"line":93,"column":2},"end":{"line":104,"column":3}},"33":{"start":{"line":94,"column":22},"end":{"line":94,"column":69}},"34":{"start":{"line":95,"column":4},"end":{"line":98,"column":5}},"35":{"start":{"line":96,"column":19},"end":{"line":96,"column":53}},"36":{"start":{"line":96,"column":45},"end":{"line":96,"column":52}},"37":{"start":{"line":97,"column":6},"end":{"line":97,"column":38}},"38":{"start":{"line":100,"column":17},"end":{"line":100,"column":65}},"39":{"start":{"line":101,"column":4},"end":{"line":101,"column":30}},"40":{"start":{"line":103,"column":4},"end":{"line":103,"column":21}},"41":{"start":{"line":113,"column":0},"end":{"line":120,"column":3}},"42":{"start":{"line":114,"column":2},"end":{"line":119,"column":3}},"43":{"start":{"line":115,"column":4},"end":{"line":115,"column":43}},"44":{"start":{"line":116,"column":4},"end":{"line":116,"column":54}},"45":{"start":{"line":118,"column":4},"end":{"line":118,"column":21}},"46":{"start":{"line":124,"column":0},"end":{"line":141,"column":2}},"47":{"start":{"line":126,"column":2},"end":{"line":140,"column":3}},"48":{"start":{"line":127,"column":21},"end":{"line":127,"column":40}},"49":{"start":{"line":128,"column":15},"end":{"line":128,"column":38}},"50":{"start":{"line":130,"column":22},"end":{"line":130,"column":93}},"51":{"start":{"line":131,"column":4},"end":{"line":134,"column":5}},"52":{"start":{"line":132,"column":19},"end":{"line":132,"column":53}},"53":{"start":{"line":132,"column":45},"end":{"line":132,"column":52}},"54":{"start":{"line":133,"column":6},"end":{"line":133,"column":38}},"55":{"start":{"line":135,"column":24},"end":{"line":135,"column":54}},"56":{"start":{"line":137,"column":4},"end":{"line":137,"column":48}},"57":{"start":{"line":139,"column":4},"end":{"line":139,"column":22}},"58":{"start":{"line":143,"column":0},"end":{"line":143,"column":24}}},"fnMap":{"0":{"name":"(anonymous_0)","decl":{"start":{"line":31,"column":48},"end":{"line":31,"column":49}},"loc":{"start":{"line":31,"column":80},"end":{"line":45,"column":1}},"line":31},"1":{"name":"(anonymous_1)","decl":{"start":{"line":35,"column":40},"end":{"line":35,"column":41}},"loc":{"start":{"line":35,"column":45},"end":{"line":35,"column":52}},"line":35},"2":{"name":"(anonymous_2)","decl":{"start":{"line":55,"column":47},"end":{"line":55,"column":48}},"loc":{"start":{"line":55,"column":79},"end":{"line":62,"column":1}},"line":55},"3":{"name":"(anonymous_3)","decl":{"start":{"line":72,"column":66},"end":{"line":72,"column":67}},"loc":{"start":{"line":72,"column":98},"end":{"line":79,"column":1}},"line":72},"4":{"name":"(anonymous_4)","decl":{"start":{"line":92,"column":68},"end":{"line":92,"column":69}},"loc":{"start":{"line":92,"column":100},"end":{"line":105,"column":1}},"line":92},"5":{"name":"(anonymous_5)","decl":{"start":{"line":96,"column":40},"end":{"line":96,"column":41}},"loc":{"start":{"line":96,"column":45},"end":{"line":96,"column":52}},"line":96},"6":{"name":"(anonymous_6)","decl":{"start":{"line":113,"column":69},"end":{"line":113,"column":70}},"loc":{"start":{"line":113,"column":101},"end":{"line":120,"column":1}},"line":113},"7":{"name":"(anonymous_7)","decl":{"start":{"line":124,"column":69},"end":{"line":124,"column":70}},"loc":{"start":{"line":124,"column":95},"end":{"line":141,"column":1}},"line":124},"8":{"name":"(anonymous_8)","decl":{"start":{"line":132,"column":40},"end":{"line":132,"column":41}},"loc":{"start":{"line":132,"column":45},"end":{"line":132,"column":52}},"line":132}},"branchMap":{"0":{"loc":{"start":{"line":34,"column":4},"end":{"line":37,"column":5}},"type":"if","locations":[{"start":{"line":34,"column":4},"end":{"line":37,"column":5}},{"start":{},"end":{}}],"line":34},"1":{"loc":{"start":{"line":95,"column":4},"end":{"line":98,"column":5}},"type":"if","locations":[{"start":{"line":95,"column":4},"end":{"line":98,"column":5}},{"start":{},"end":{}}],"line":95},"2":{"loc":{"start":{"line":131,"column":4},"end":{"line":134,"column":5}},"type":"if","locations":[{"start":{"line":131,"column":4},"end":{"line":134,"column":5}},{"start":{},"end":{}}],"line":131}},"s":{"0":5,"1":5,"2":5,"3":5,"4":5,"5":5,"6":5,"7":5,"8":5,"9":5,"10":5,"11":4,"12":4,"13":4,"14":2,"15":5,"16":2,"17":2,"18":2,"19":2,"20":2,"21":5,"22":2,"23":2,"24":1,"25":1,"26":5,"27":4,"28":4,"29":3,"30":1,"31":5,"32":5,"33":5,"34":5,"35":1,"36":1,"37":1,"38":4,"39":3,"40":2,"41":5,"42":2,"43":2,"44":2,"45":0,"46":5,"47":5,"48":5,"49":5,"50":5,"51":5,"52":1,"53":1,"54":1,"55":4,"56":3,"57":2,"58":5},"f":{"0":4,"1":5,"2":2,"3":4,"4":5,"5":1,"6":2,"7":5,"8":1},"b":{"0":[2,2],"1":[1,4],"2":[1,4]},"_coverageSchema":"1a1c01bbd47fc00a2c39e90264f33305004495a9","hash":"139db1e41415a1dab575c3475bac0f224918f238"}
}
