TN:
SF:app.js
FN:31,(anonymous_0)
FN:36,(anonymous_1)
FNF:2
FNH:2
FNDA:3,(anonymous_0)
FNDA:60,(anonymous_1)
DA:5,5
DA:6,5
DA:8,5
DA:10,5
DA:11,5
DA:12,5
DA:13,5
DA:14,5
DA:16,5
DA:18,5
DA:20,5
DA:21,5
DA:22,5
DA:23,5
DA:25,5
DA:26,5
DA:27,5
DA:28,5
DA:31,5
DA:32,3
DA:36,5
DA:37,60
DA:38,60
DA:39,60
DA:41,60
DA:46,5
LF:26
LH:26
BRDA:37,0,0,1
BRDA:37,0,1,59
BRDA:38,1,0,60
BRDA:38,1,1,3
BRF:4
BRH:4
end_of_record
TN:
SF:config.js
FN:13,getDatabaseUri
FNF:1
FNH:1
FNDA:22,getDatabaseUri
DA:5,11
DA:6,11
DA:8,11
DA:10,11
DA:14,22
DA:22,11
DA:24,11
DA:25,11
DA:26,11
DA:27,11
DA:28,11
DA:29,11
DA:31,11
LF:13
LH:13
BRDA:8,0,0,11
BRDA:8,0,1,0
BRDA:10,1,0,11
BRDA:10,1,1,10
BRDA:14,2,0,19
BRDA:14,2,1,3
BRDA:16,3,0,3
BRDA:16,3,1,1
BRDA:22,4,0,10
BRDA:22,4,1,1
BRF:10
BRH:9
end_of_record
TN:
SF:db.js
FNF:0
FNH:0
DA:3,8
DA:4,8
DA:8,8
DA:9,0
DA:16,8
DA:21,8
DA:23,8
LF:7
LH:6
BRDA:8,0,0,0
BRDA:8,0,1,8
BRF:2
BRH:1
end_of_record
TN:
SF:expressError.js
FN:8,(anonymous_0)
FN:18,(anonymous_1)
FN:26,(anonymous_2)
FN:34,(anonymous_3)
FN:42,(anonymous_4)
FNF:5
FNH:4
FNDA:80,(anonymous_0)
FNDA:19,(anonymous_1)
FNDA:30,(anonymous_2)
FNDA:21,(anonymous_3)
FNDA:0,(anonymous_4)
DA:9,80
DA:10,80
DA:11,80
DA:19,19
DA:27,30
DA:35,21
DA:43,0
DA:47,11
LF:8
LH:7
BRDA:18,0,0,3
BRDA:26,1,0,26
BRDA:34,2,0,0
BRDA:42,3,0,0
BRF:4
BRH:2
end_of_record
TN:
SF:helpers/filterHelper.js
FN:2,filterHelper
FN:5,(anonymous_1)
FN:15,(anonymous_2)
FN:27,(anonymous_3)
FNF:4
FNH:4
FNDA:12,filterHelper
FNDA:20,(anonymous_1)
FNDA:15,(anonymous_2)
FNDA:15,(anonymous_3)
DA:3,12
DA:5,12
DA:6,20
DA:7,15
DA:8,15
DA:11,5
DA:15,12
DA:16,15
DA:17,5
DA:18,10
DA:19,4
DA:20,6
DA:21,6
DA:23,0
DA:27,12
DA:28,15
DA:33,12
DA:34,4
DA:35,8
DA:36,4
DA:38,4
DA:42,8
LF:22
LH:21
BRDA:6,0,0,15
BRDA:6,0,1,5
BRDA:16,1,0,5
BRDA:16,1,1,10
BRDA:18,2,0,4
BRDA:18,2,1,6
BRDA:20,3,0,6
BRDA:20,3,1,0
BRDA:28,4,0,6
BRDA:28,4,1,9
BRDA:33,5,0,4
BRDA:33,5,1,8
BRDA:35,6,0,4
BRDA:35,6,1,4
BRF:14
BRH:13
end_of_record
TN:
SF:helpers/filterValidator.js
FN:4,filterValidate
FN:36,isInt
FNF:2
FNH:2
FNDA:16,filterValidate
FNDA:39,isInt
DA:1,6
DA:2,6
DA:5,16
DA:9,16
DA:10,16
DA:11,16
DA:13,16
DA:15,2
DA:17,14
DA:19,2
DA:23,12
DA:25,2
DA:29,10
DA:30,4
DA:31,2
DA:39,39
DA:40,39
DA:42,0
DA:44,39
DA:45,23
DA:47,16
DA:50,6
LF:22
LH:21
BRDA:9,0,0,8
BRDA:9,0,1,8
BRDA:10,1,0,7
BRDA:10,1,1,9
BRDA:11,2,0,8
BRDA:11,2,1,8
BRDA:13,3,0,2
BRDA:13,3,1,14
BRDA:13,4,0,16
BRDA:13,4,1,8
BRDA:17,5,0,2
BRDA:17,5,1,12
BRDA:17,6,0,14
BRDA:17,6,1,8
BRDA:23,7,0,2
BRDA:23,7,1,10
BRDA:23,8,0,12
BRDA:23,8,1,5
BRDA:23,8,2,11
BRDA:23,8,3,6
BRDA:29,9,0,4
BRDA:29,9,1,6
BRDA:29,10,0,10
BRDA:29,10,1,4
BRDA:30,11,0,2
BRDA:30,11,1,2
BRDA:44,12,0,23
BRDA:44,12,1,16
BRF:28
BRH:28
end_of_record
TN:
SF:helpers/jobsFilterHelper.js
FN:3,jobsFilterHelper
FN:6,(anonymous_1)
FN:16,(anonymous_2)
FN:29,(anonymous_3)
FNF:4
FNH:4
FNDA:11,jobsFilterHelper
FNDA:17,(anonymous_1)
FNDA:12,(anonymous_2)
FNDA:12,(anonymous_3)
DA:4,11
DA:6,11
DA:7,17
DA:8,12
DA:9,12
DA:12,5
DA:16,11
DA:17,12
DA:18,5
DA:19,7
DA:20,5
DA:21,2
DA:22,2
DA:23,2
DA:25,0
DA:29,11
DA:30,12
DA:35,11
DA:36,4
DA:37,7
DA:38,4
DA:40,3
DA:44,7
LF:23
LH:22
BRDA:7,0,0,12
BRDA:7,0,1,5
BRDA:17,1,0,5
BRDA:17,1,1,7
BRDA:19,2,0,5
BRDA:19,2,1,2
BRDA:21,3,0,2
BRDA:21,3,1,0
BRDA:22,4,0,2
BRDA:22,4,1,0
BRDA:30,5,0,5
BRDA:30,5,1,7
BRDA:35,6,0,4
BRDA:35,6,1,7
BRDA:37,7,0,4
BRDA:37,7,1,3
BRF:16
BRH:14
end_of_record
TN:
SF:helpers/sql.js
FN:9,sqlForPartialUpdate
FN:15,(anonymous_1)
FNF:2
FNH:2
FNDA:22,sqlForPartialUpdate
FNDA:40,(anonymous_1)
DA:1,9
DA:11,22
DA:12,22
DA:15,19
DA:16,40
DA:19,19
DA:25,9
LF:7
LH:7
BRDA:12,0,0,3
BRDA:12,0,1,19
BRDA:16,1,0,40
BRDA:16,1,1,15
BRF:4
BRH:4
end_of_record
TN:
SF:helpers/tokens.js
FN:6,createToken
FNF:1
FNH:1
FNDA:15,createToken
DA:1,6
DA:2,6
DA:7,15
DA:10,15
DA:15,15
DA:18,6
LF:6
LH:6
BRDA:12,0,0,15
BRDA:12,0,1,9
BRF:2
BRH:2
end_of_record
TN:
SF:middleware/auth.js
FN:19,authenticateJWT
FN:37,ensureLoggedIn
FN:52,ensureIsAdmin
FN:66,ensureIsAdminOrSpecUser
FN:80,ensureIsSpecUser
FNF:5
FNH:5
FNDA:97,authenticateJWT
FNDA:66,ensureLoggedIn
FNDA:31,ensureIsAdmin
FNDA:17,ensureIsAdminOrSpecUser
FNDA:6,ensureIsSpecUser
DA:5,6
DA:6,6
DA:7,6
DA:20,97
DA:21,97
DA:22,97
DA:23,58
DA:24,58
DA:26,96
DA:28,1
DA:38,66
DA:39,66
DA:40,55
DA:42,11
DA:53,31
DA:54,31
DA:55,23
DA:57,8
DA:67,17
DA:68,17
DA:69,11
DA:71,6
DA:81,6
DA:82,6
DA:83,5
DA:85,1
DA:90,6
LF:27
LH:27
BRDA:21,0,0,97
BRDA:21,0,1,96
BRDA:22,1,0,58
BRDA:22,1,1,39
BRDA:39,2,0,11
BRDA:39,2,1,55
BRDA:54,3,0,8
BRDA:54,3,1,23
BRDA:68,4,0,6
BRDA:68,4,1,11
BRDA:68,5,0,17
BRDA:68,5,1,12
BRDA:82,6,0,1
BRDA:82,6,1,5
BRF:14
BRH:14
end_of_record
TN:
SF:models/_testCommon.js
FN:6,commonBeforeAll
FN:47,commonBeforeEach
FN:51,commonAfterEach
FN:55,commonAfterAll
FNF:4
FNH:4
FNDA:3,commonBeforeAll
FNDA:38,commonBeforeEach
FNDA:38,commonAfterEach
FNDA:3,commonAfterAll
DA:1,3
DA:3,3
DA:4,3
DA:8,3
DA:10,3
DA:12,3
DA:14,3
DA:16,3
DA:22,3
DA:24,3
DA:32,3
DA:48,38
DA:52,38
DA:56,3
DA:59,3
LF:15
LH:15
BRF:0
BRH:0
end_of_record
TN:
SF:models/company.js
FN:20,(anonymous_0)
FN:53,(anonymous_1)
FN:75,(anonymous_2)
FN:104,(anonymous_3)
FN:132,(anonymous_4)
FN:162,(anonymous_5)
FNF:6
FNH:6
FNDA:16,(anonymous_0)
FNDA:1,(anonymous_1)
FNDA:6,(anonymous_2)
FNDA:5,(anonymous_3)
FNDA:6,(anonymous_4)
FNDA:4,(anonymous_5)
DA:3,6
DA:4,6
DA:5,6
DA:6,6
DA:21,16
DA:27,16
DA:28,1
DA:30,15
DA:43,15
DA:45,15
DA:54,1
DA:63,1
DA:65,1
DA:66,3
DA:67,3
DA:70,1
DA:76,6
DA:77,6
DA:87,5
DA:89,5
DA:90,8
DA:91,8
DA:93,5
DA:105,5
DA:111,5
DA:112,5
DA:114,3
DA:116,3
DA:117,3
DA:133,6
DA:139,5
DA:141,5
DA:149,5
DA:150,5
DA:152,5
DA:154,3
DA:163,4
DA:169,4
DA:171,4
DA:176,6
LF:40
LH:40
BRDA:27,0,0,1
BRDA:27,0,1,15
BRDA:112,1,0,2
BRDA:112,1,1,3
BRDA:152,2,0,2
BRDA:152,2,1,3
BRDA:171,3,0,2
BRDA:171,3,1,2
BRF:8
BRH:8
end_of_record
TN:
SF:models/job.js
FN:18,(anonymous_0)
FN:47,(anonymous_1)
FN:60,(anonymous_2)
FN:81,(anonymous_3)
FN:109,(anonymous_4)
FN:140,(anonymous_5)
FNF:6
FNH:6
FNDA:20,(anonymous_0)
FNDA:1,(anonymous_1)
FNDA:5,(anonymous_2)
FNDA:3,(anonymous_3)
FNDA:6,(anonymous_4)
FNDA:4,(anonymous_5)
DA:3,6
DA:4,6
DA:5,6
DA:6,6
DA:19,20
DA:24,20
DA:25,1
DA:26,19
DA:38,19
DA:39,19
DA:48,1
DA:56,1
DA:61,5
DA:62,5
DA:71,4
DA:82,3
DA:91,3
DA:93,3
DA:95,2
DA:110,6
DA:116,5
DA:118,5
DA:127,5
DA:128,5
DA:130,5
DA:132,3
DA:141,4
DA:147,4
DA:149,4
DA:154,6
LF:30
LH:30
BRDA:24,0,0,1
BRDA:24,0,1,19
BRDA:93,1,0,1
BRDA:93,1,1,2
BRDA:130,2,0,2
BRDA:130,2,1,3
BRDA:149,3,0,2
BRDA:149,3,1,2
BRF:8
BRH:8
end_of_record
TN:
SF:models/user.js
FN:25,(anonymous_0)
FN:60,(anonymous_1)
FN:105,(anonymous_2)
FN:132,(anonymous_3)
FN:150,(anonymous_4)
FN:173,(anonymous_5)
FN:206,(anonymous_6)
FN:221,(anonymous_7)
FNF:8
FNH:8
FNDA:7,(anonymous_0)
FNDA:19,(anonymous_1)
FNDA:3,(anonymous_2)
FNDA:6,(anonymous_3)
FNDA:2,(anonymous_4)
FNDA:8,(anonymous_5)
FNDA:4,(anonymous_6)
FNDA:5,(anonymous_7)
DA:3,6
DA:4,6
DA:5,6
DA:11,6
DA:13,6
DA:27,7
DA:39,7
DA:41,7
DA:43,4
DA:44,4
DA:45,3
DA:46,3
DA:50,4
DA:62,19
DA:69,19
DA:70,1
DA:73,18
DA:75,18
DA:95,18
DA:97,18
DA:106,3
DA:115,2
DA:116,2
DA:117,5
DA:119,5
DA:121,2
DA:134,6
DA:145,6
DA:146,6
DA:148,4
DA:150,4
DA:151,4
DA:152,4
DA:153,4
DA:174,8
DA:175,2
DA:178,8
DA:185,7
DA:187,7
DA:195,7
DA:196,7
DA:198,7
DA:200,5
DA:201,5
DA:207,4
DA:214,4
DA:216,4
DA:223,5
DA:224,5
DA:225,0
DA:228,5
DA:229,5
DA:230,1
DA:233,4
DA:238,4
DA:239,4
DA:247,6
LF:57
LH:56
BRDA:41,0,0,4
BRDA:41,0,1,3
BRDA:44,1,0,3
BRDA:44,1,1,1
BRDA:69,2,0,1
BRDA:69,2,1,18
BRDA:146,3,0,2
BRDA:146,3,1,4
BRDA:174,4,0,2
BRDA:174,4,1,6
BRDA:198,5,0,2
BRDA:198,5,1,5
BRDA:216,6,0,1
BRDA:216,6,1,3
BRDA:224,7,0,0
BRDA:224,7,1,5
BRDA:229,8,0,1
BRDA:229,8,1,4
BRF:18
BRH:17
end_of_record
TN:
SF:routes/_testCommon.js
FN:9,commonBeforeAll
FN:101,commonBeforeEach
FN:105,commonAfterEach
FN:109,commonAfterAll
FNF:4
FNH:4
FNDA:4,commonBeforeAll
FNDA:88,commonBeforeEach
FNDA:88,commonAfterEach
FNDA:4,commonAfterAll
DA:3,4
DA:4,4
DA:5,4
DA:6,4
DA:7,4
DA:11,4
DA:13,4
DA:15,4
DA:17,4
DA:19,4
DA:21,4
DA:29,4
DA:37,4
DA:46,4
DA:53,4
DA:60,4
DA:67,4
DA:74,4
DA:82,4
DA:91,4
DA:102,88
DA:106,88
DA:110,4
DA:114,4
DA:115,4
DA:117,4
LF:26
LH:26
BRF:0
BRH:0
end_of_record
TN:
SF:routes/auth.js
FN:22,(anonymous_0)
FN:26,(anonymous_1)
FN:49,(anonymous_2)
FN:53,(anonymous_3)
FNF:4
FNH:4
FNDA:5,(anonymous_0)
FNDA:2,(anonymous_1)
FNDA:3,(anonymous_2)
FNDA:5,(anonymous_3)
DA:5,5
DA:7,5
DA:8,5
DA:9,5
DA:10,5
DA:11,5
DA:12,5
DA:13,5
DA:22,5
DA:23,5
DA:24,5
DA:25,5
DA:26,2
DA:27,2
DA:30,3
DA:31,3
DA:32,1
DA:33,1
DA:35,4
DA:49,5
DA:50,3
DA:51,3
DA:52,3
DA:53,5
DA:54,2
DA:57,1
DA:58,1
DA:59,1
DA:61,2
DA:66,5
LF:30
LH:30
BRDA:25,0,0,2
BRDA:25,0,1,3
BRDA:52,1,0,2
BRDA:52,1,1,1
BRF:4
BRH:4
end_of_record
TN:
SF:routes/companies.js
FN:27,(anonymous_0)
FN:31,(anonymous_1)
FN:52,(anonymous_2)
FN:73,(anonymous_3)
FN:93,(anonymous_4)
FN:97,(anonymous_5)
FN:113,(anonymous_6)
FNF:7
FNH:7
FNDA:3,(anonymous_0)
FNDA:3,(anonymous_1)
FNDA:9,(anonymous_2)
FNDA:3,(anonymous_3)
FNDA:4,(anonymous_4)
FNDA:2,(anonymous_5)
FNDA:2,(anonymous_6)
DA:4,5
DA:5,5
DA:6,5
DA:8,5
DA:9,5
DA:10,5
DA:12,5
DA:13,5
DA:15,5
DA:27,5
DA:28,3
DA:29,3
DA:30,3
DA:31,3
DA:32,2
DA:34,1
DA:35,1
DA:37,2
DA:52,5
DA:53,9
DA:54,9
DA:56,9
DA:58,6
DA:59,5
DA:61,4
DA:73,5
DA:74,3
DA:75,3
DA:76,2
DA:78,1
DA:93,5
DA:94,4
DA:95,4
DA:96,4
DA:97,2
DA:98,2
DA:101,2
DA:102,1
DA:104,3
DA:113,5
DA:114,2
DA:115,2
DA:116,1
DA:118,1
DA:123,5
LF:45
LH:45
BRDA:30,0,0,2
BRDA:30,0,1,1
BRDA:96,1,0,2
BRDA:96,1,1,2
BRF:4
BRH:4
end_of_record
TN:
SF:routes/jobs.js
FN:15,(anonymous_0)
FN:19,(anonymous_1)
FN:30,(anonymous_2)
FN:55,(anonymous_3)
FN:75,(anonymous_4)
FN:79,(anonymous_5)
FN:95,(anonymous_6)
FNF:7
FNH:7
FNDA:2,(anonymous_0)
FNDA:1,(anonymous_1)
FNDA:6,(anonymous_2)
FNDA:1,(anonymous_3)
FNDA:4,(anonymous_4)
FNDA:2,(anonymous_5)
FNDA:2,(anonymous_6)
DA:3,5
DA:4,5
DA:6,5
DA:7,5
DA:8,5
DA:10,5
DA:11,5
DA:13,5
DA:15,5
DA:16,2
DA:17,2
DA:18,2
DA:19,1
DA:20,1
DA:23,1
DA:24,1
DA:26,1
DA:30,5
DA:31,6
DA:32,6
DA:34,6
DA:35,2
DA:36,2
DA:37,1
DA:41,5
DA:42,4
DA:44,2
DA:55,5
DA:56,1
DA:57,1
DA:58,1
DA:60,0
DA:75,5
DA:76,4
DA:77,4
DA:78,4
DA:79,2
DA:80,2
DA:83,2
DA:84,1
DA:86,3
DA:95,5
DA:96,2
DA:97,2
DA:98,1
DA:100,1
DA:103,5
LF:47
LH:46
BRDA:18,0,0,1
BRDA:18,0,1,1
BRDA:34,1,0,2
BRDA:34,1,1,4
BRDA:36,2,0,1
BRDA:36,2,1,1
BRDA:78,3,0,2
BRDA:78,3,1,2
BRF:8
BRH:8
end_of_record
TN:
SF:routes/users.js
FN:31,(anonymous_0)
FN:35,(anonymous_1)
FN:55,(anonymous_2)
FN:72,(anonymous_3)
FN:92,(anonymous_4)
FN:96,(anonymous_5)
FN:113,(anonymous_6)
FN:124,(anonymous_7)
FN:132,(anonymous_8)
FNF:9
FNH:9
FNDA:4,(anonymous_0)
FNDA:5,(anonymous_1)
FNDA:2,(anonymous_2)
FNDA:4,(anonymous_3)
FNDA:5,(anonymous_4)
FNDA:1,(anonymous_5)
FNDA:2,(anonymous_6)
FNDA:5,(anonymous_7)
FNDA:1,(anonymous_8)
DA:5,5
DA:7,5
DA:8,5
DA:9,5
DA:10,5
DA:11,5
DA:12,5
DA:13,5
DA:14,5
DA:16,5
DA:31,5
DA:32,4
DA:33,4
DA:34,4
DA:35,5
DA:36,2
DA:39,2
DA:40,2
DA:41,2
DA:43,2
DA:55,5
DA:56,2
DA:57,2
DA:58,1
DA:60,1
DA:72,5
DA:73,4
DA:74,4
DA:75,3
DA:77,1
DA:92,5
DA:93,5
DA:94,5
DA:95,5
DA:96,1
DA:97,1
DA:100,4
DA:101,3
DA:103,2
DA:113,5
DA:114,2
DA:115,2
DA:116,2
DA:118,0
DA:124,5
DA:126,5
DA:127,5
DA:128,5
DA:130,5
DA:131,5
DA:132,1
DA:133,1
DA:135,4
DA:137,3
DA:139,2
DA:143,5
LF:56
LH:55
BRDA:34,0,0,2
BRDA:34,0,1,2
BRDA:95,1,0,1
BRDA:95,1,1,4
BRDA:131,2,0,1
BRDA:131,2,1,4
BRF:6
BRH:6
end_of_record
